0 0 0 1.46231e-05 0.000138939
10 0.0176792 88.533 0.470994 0.0445524
20 0.05 57.4734 0.304485 0.0219691
30 0.0884615 48.6042 0.277218 0.0170049
40 0.129167 43.159 0.280996 0.0164577
50 0.172727 39.7412 0.289727 0.0158477
60 0.218182 35.5844 0.300348 0.0166625
70 0.263636 34.3326 0.31039 0.0163659
80 0.309091 31.9888 0.316918 0.0174827
90 0.354545 30.4732 0.32682 0.0179005
100 0.4 30.2987 0.332972 0.0168592
110 0.445455 28.6328 0.338862 0.0176117
120 0.487603 27.3084 0.341803 0.0176858
130 0.529167 27.0868 0.348011 0.0175213
140 0.570833 26.6437 0.354584 0.0178035
150 0.6125 26.025 0.358543 0.0178283
160 0.654167 25.3047 0.364251 0.0178925
170 0.695833 24.5391 0.369411 0.0179413
180 0.7375 23.9148 0.373003 0.0179306
190 0.779167 23.6281 0.377486 0.0180434
200 0.820833 23.3118 0.382728 0.0179238
210 0.8625 22.9803 0.386622 0.0179646
220 0.904167 22.6454 0.390842 0.0179885
230 0.945833 22.3032 0.394697 0.0181557
240 0.9875 21.9553 0.397258 0.0178831
250 1.02917 21.5995 0.400296 0.0177795
260 1.07083 21.5796 0.401815 0.0177243
270 1.1125 21.6144 0.402402 0.0173181
280 1.15417 21.9929 0.407494 0.0173534
290 1.19583 22.1432 0.409992 0.0173292
300 1.2375 22.3278 0.412599 0.01729
310 1.27917 22.4172 0.41625 0.0172825
320 1.32083 22.509 0.418886 0.0171756
330 1.3625 22.5925 0.421121 0.0171163
340 1.40417 22.6744 0.424291 0.0171311
350 1.44583 22.754 0.429343 0.0171277
360 1.4875 22.8317 0.429777 0.0170855
370 1.52917 22.9083 0.432052 0.0170763
380 1.57083 22.9831 0.43506 0.0169854
390 1.6125 23.0567 0.435566 0.0168082
400 1.65417 23.1291 0.439053 0.0167413
410 1.69583 23.1995 0.441844 0.0168194
420 1.7375 23.2687 0.443635 0.0166622
430 1.77917 23.3374 0.446147 0.0167242
440 1.82083 23.4021 0.447847 0.0165669
450 1.8625 23.4609 0.450081 0.0165371
460 1.90417 23.531 0.451675 0.0163766
470 1.94583 23.5964 0.453999 0.0164628
480 1.9875 23.6547 0.456339 0.0163485
490 2.02917 23.7137 0.458538 0.0163681
500 2.07083 23.7796 0.460735 0.0163297
510 2.1125 23.8357 0.461815 0.0162486
520 2.15417 23.8898 0.464291 0.0162397
530 2.19583 23.954 0.465755 0.0161704
540 2.2375 24.005 0.466676 0.0158103
550 2.27917 24.0601 0.468853 0.0158727
560 2.32083 24.1186 0.471162 0.0160179
570 2.3625 24.1642 0.47285 0.0159541
580 2.40417 24.2244 0.474306 0.0157833
590 2.44583 24.2734 0.476048 0.0158106
600 2.4875 24.3223 0.478549 0.0155674
610 2.52917 24.3769 0.479736 0.0157624
620 2.57083 24.4187 0.480829 0.0156057
630 2.6125 24.4759 0.48226 0.0155789
640 2.65417 24.5182 0.483637 0.0154567
650 2.69583 24.5688 0.485355 0.0154285
660 2.7375 24.6158 0.485923 0.0153968
670 2.77917 24.6704 0.48659 0.0152901
680 2.82083 24.736 0.489208 0.0152005
690 2.8625 24.772 0.490412 0.0151854
700 2.90417 24.8244 0.491743 0.0151291
710 2.94583 24.8603 0.493696 0.0153265
720 2.9875 24.9106 0.494146 0.0150175
730 3.02917 24.9476 0.495452 0.0148602
740 3.07083 24.9932 0.497605 0.0149904
750 3.1125 25.0335 0.498266 0.0148788
760 3.15417 25.0734 0.500002 0.0148255
770 3.19583 25.1168 0.502031 0.0150946
780 3.2375 25.1541 0.502275 0.0147329
790 3.27917 25.1993 0.503564 0.0146383
800 3.32083 25.2339 0.504607 0.0146634
810 3.3625 25.2807 0.50539 0.0145647
820 3.40417 25.3107 0.506995 0.0145215
830 3.44583 25.36 0.508306 0.0144916
840 3.4875 25.3892 0.509378 0.0144237
850 3.52917 25.4363 0.511127 0.0144541
860 3.57083 25.4634 0.511882 0.0143601
870 3.6125 25.5098 0.512272 0.0141976
880 3.65417 25.5377 0.514126 0.0141299
890 3.69583 25.5783 0.51567 0.0142608
900 3.7375 25.6083 0.515635 0.0141271
910 3.77917 25.6473 0.516947 0.0140158
920 3.82083 25.6753 0.517534 0.0139018
930 3.8625 25.7117 0.519432 0.0140808
940 3.90417 25.7417 0.519079 0.0139357
950 3.94583 25.7757 0.520747 0.013831
960 3.9875 25.8056 0.52173 0.013792
970 4.02917 25.8421 0.522519 0.0136262
980 4.07083 25.8709 0.523799 0.0135787
990 4.1125 25.8843 0.52455 0.0140081
1000 4.15417 25.9153 0.526005 0.0137581
1010 4.19583 25.952 0.526422 0.0136613
1020 4.2375 25.9791 0.526514 0.0134841
1030 4.27917 26.0048 0.528539 0.0135975
1040 4.32083 26.0309 0.527971 0.01311
1050 4.3625 26.0575 0.529177 0.0133729
1060 4.40417 26.0845 0.529786 0.0131745
1070 4.44583 26.1103 0.530515 0.0133195
1080 4.4875 26.136 0.531271 0.0133694
1090 4.52917 26.1611 0.533292 0.0134501
1100 4.57083 26.1861 0.533554 0.0132476
1110 4.6125 26.2108 0.534172 0.0131912
1120 4.65417 26.2352 0.534683 0.0130906
1130 4.69583 26.2594 0.534169 0.0128465
1140 4.7375 26.2828 0.536328 0.012826
1150 4.77917 26.3064 0.536511 0.0129367
1160 4.82083 26.329 0.537822 0.0129539
1170 4.8625 26.3516 0.537833 0.0128564
1180 4.90417 26.3742 0.539565 0.0129601
1190 4.94583 26.3962 0.53899 0.0127438
1200 4.9875 26.4179 0.540024 0.0126953
1210 5.02917 26.4392 0.540575 0.0127296
1220 5.07083 26.4602 0.540364 0.0125973
1230 5.1125 26.4807 0.541086 0.0125801
1240 5.15417 26.5014 0.542995 0.0124758
1250 5.19583 26.5286 0.54361 0.0124731
1260 5.2375 26.5528 0.544705 0.0129252
1270 5.27917 26.5719 0.54471 0.0124268
1280 5.32083 26.5913 0.545569 0.0126025
1290 5.3625 26.6101 0.545374 0.0123809
1300 5.40417 26.629 0.545501 0.012253
1310 5.44583 26.6472 0.545968 0.0123756
1320 5.4875 26.6656 0.546719 0.0122599
1330 5.52917 26.6835 0.547392 0.0120178
1340 5.57083 26.701 0.548267 0.0123022
1350 5.6125 26.7185 0.547703 0.0121398
1360 5.65417 26.7353 0.549292 0.0122554
1370 5.69583 26.7525 0.549678 0.0121933
1380 5.7375 26.7685 0.550259 0.0121404
1390 5.77917 26.7853 0.550665 0.0120624
1400 5.82083 26.8011 0.551329 0.0121284
1410 5.8625 26.8173 0.552578 0.0119285
1420 5.90417 26.8328 0.552816 0.012059
1430 5.94583 26.8483 0.553427 0.0120259
1440 5.9875 26.8634 0.55345 0.0119976
1450 6.02917 26.8786 0.553929 0.0120595
1460 6.07083 26.8931 0.553957 0.0120411
1470 6.1125 26.908 0.553808 0.0111469
1480 6.15417 26.922 0.555274 0.011886
1490 6.19583 26.9363 0.553912 0.011551
1500 6.2375 26.9501 0.55558 0.0118189
1510 6.27917 26.9639 0.554412 0.0115091
1520 6.32083 26.9772 0.556949 0.0119322
1530 6.35769 27.8309 0.584771 0.0156342
1540 6.39615 27.2375 0.556901 0.0115464
1550 6.43462 27.2312 0.555995 0.0113989
1560 6.47308 27.2424 0.557168 0.0115335
1570 6.51154 27.2538 0.557193 0.0115071
1580 6.55 27.2652 0.558597 0.0117264
1590 6.58846 27.2766 0.557714 0.0114214
1600 6.62692 27.288 0.559221 0.0115845
1610 6.66538 27.2988 0.558252 0.0111931
1620 6.70385 27.3099 0.559403 0.0116089
1630 6.74231 27.3206 0.560144 0.0115895
1640 6.78077 27.3313 0.560286 0.0116581
1650 6.81923 27.3417 0.559394 0.0111979
1660 6.85769 27.3522 0.561816 0.0115968
1670 6.89615 27.3622 0.56138 0.0113442
1680 6.93462 27.3726 0.561188 0.011276
1690 6.97308 27.3823 0.561738 0.0112201
1700 7.01154 27.3922 0.561258 0.0111316
1710 7.05 27.4019 0.562241 0.0111884
1720 7.08846 27.4115 0.561943 0.0111362
1730 7.12692 27.4207 0.562471 0.0110801
1740 7.16538 27.4303 0.561455 0.0107843
1750 7.20385 27.4392 0.563053 0.0111279
1760 7.24231 27.4483 0.561618 0.0107268
1770 7.28077 27.457 0.563293 0.0108692
1780 7.31923 27.4659 0.562515 0.0108406
1790 7.35769 27.4748 0.563873 0.011008
1800 7.39615 27.4835 0.562355 0.0110084
1810 7.43462 27.4919 0.564468 0.0111078
1820 7.47308 27.5003 0.563565 0.0107102
1830 7.51154 27.5087 0.565137 0.0109536
1840 7.55 27.5169 0.565609 0.0111186
1850 7.58846 27.5248 0.566623 0.0111266
1860 7.62692 27.5326 0.565392 0.0110102
1870 7.66538 27.5407 0.565937 0.0109231
1880 7.70385 27.5485 0.566099 0.0107588
1890 7.74231 27.5562 0.567378 0.0110379
1900 7.78077 27.5637 0.566218 0.0110155
1910 7.81923 27.5711 0.567232 0.011049
1920 7.85769 27.5785 0.567185 0.010918
1930 7.89615 27.5859 0.567639 0.0110952
1940 7.93462 27.5929 0.567814 0.0108045
1950 7.97308 27.6002 0.568252 0.0108512
1960 8.01154 27.607 0.568198 0.0108147
1970 8.05 27.6139 0.568203 0.0107154
1980 8.08846 27.6206 0.568483 0.0108126
1990 8.12692 27.6276 0.568492 0.0107269
2000 8.16538 27.6338 0.568557 0.0108396
2010 8.20385 27.6407 0.567186 0.0104995
2020 8.24231 27.6462 0.568588 0.0107457
2030 8.28077 27.6525 0.569718 0.0104657
2040 8.31923 27.6587 0.569385 0.0105991
2050 8.35769 27.6651 0.571271 0.0110729
2060 8.39615 27.671 0.570062 0.0105568
2070 8.43462 27.6773 0.570917 0.0109176
2080 8.47308 27.6831 0.569854 0.0106457
2090 8.51154 27.6889 0.571005 0.0107718
2100 8.55 27.6948 0.570425 0.0104358
2110 8.58846 27.7007 0.570705 0.0108006
2120 8.62692 27.7062 0.571215 0.0105295
2130 8.66538 27.712 0.57131 0.0107633
2140 8.70385 27.7173 0.570603 0.0105249
2150 8.74231 27.7227 0.571658 0.0105977
2160 8.78077 27.7282 0.571245 0.0105867
2170 8.81923 27.7335 0.572316 0.010792
2180 8.85769 27.7386 0.571377 0.0104835
2190 8.89615 27.744 0.57263 0.0106274
2200 8.93462 27.7491 0.570937 0.0102371
2210 8.97308 27.7539 0.572602 0.0106374
2220 9.01154 27.759 0.572284 0.0106226
2230 9.05 27.7638 0.573087 0.0106449
2240 9.08846 27.7686 0.573331 0.0106492
2250 9.12692 27.7735 0.572898 0.0105038
2260 9.16538 27.7782 0.573021 0.0104827
2270 9.20385 27.7826 0.572823 0.0104091
2280 9.24231 27.7872 0.573483 0.0103434
2290 9.28077 27.7919 0.573477 0.0103946
2300 9.31923 27.7962 0.573638 0.0103973
2310 9.35769 27.8009 0.572918 0.0103359
2320 9.39615 27.8052 0.573362 0.0100264
2330 9.43462 27.8094 0.572954 0.0101938
2340 9.47308 27.8135 0.574002 0.0103438
2350 9.51154 27.8179 0.573721 0.0102761
2360 9.55 27.8217 0.574391 0.0103106
2370 9.58846 27.8261 0.57433 0.0103896
2380 9.62692 27.8299 0.573751 0.0102897
2390 9.66538 27.8342 0.57457 0.0100664
2400 9.70385 27.8378 0.574218 0.0102323
2410 9.74231 27.8419 0.575152 0.010291
2420 9.78077 27.8453 0.574962 0.0101575
2430 9.81923 27.8494 0.574839 0.0103838
2440 9.85769 27.8528 0.574775 0.0102409
2450 9.89615 27.8567 0.575779 0.0102678
2460 9.93462 27.8599 0.574688 0.0103261
