0 0 0 1.65224e-05 0.000138274
10 0.0159274 95.7854 0.291558 0.0272213
20 0.0442339 57.4148 0.252919 0.0180947
30 0.0807692 46.8236 0.269987 0.0180622
40 0.120833 43.3343 0.283329 0.0183981
50 0.1625 38.0092 0.29629 0.0191379
60 0.204167 34.807 0.300324 0.0185128
70 0.245833 32.7448 0.315487 0.0187005
80 0.2875 31.4397 0.320538 0.0199615
90 0.329167 30.4319 0.327388 0.0195013
100 0.370833 29.0448 0.335703 0.0193054
110 0.4125 28.1454 0.344172 0.0204337
120 0.454167 27.7032 0.348597 0.0201136
130 0.495833 27.0002 0.355101 0.0201274
140 0.5375 26.0875 0.36161 0.0202987
150 0.579167 25.2972 0.366665 0.0203495
160 0.620833 25.0449 0.372967 0.0207109
170 0.6625 24.634 0.377502 0.0206234
180 0.704167 24.1317 0.382551 0.0206951
190 0.745833 23.5843 0.387008 0.0206162
200 0.7875 23.0232 0.391703 0.0200695
210 0.829167 22.7446 0.395636 0.0206086
220 0.870833 22.8563 0.400657 0.0204573
230 0.9125 22.9648 0.405699 0.0207275
240 0.954167 23.0709 0.406759 0.0204414
250 0.995833 23.1744 0.410874 0.0202761
260 1.0375 23.2749 0.414682 0.020606
270 1.07917 23.3711 0.415185 0.020218
280 1.12083 23.4654 0.417057 0.0199684
290 1.1625 23.5571 0.419478 0.0198655
300 1.20417 23.6465 0.422607 0.019829
310 1.24583 23.7334 0.424576 0.0197215
320 1.2875 23.8193 0.428184 0.0197142
330 1.32917 23.9024 0.430916 0.0197502
340 1.37083 23.9841 0.431225 0.0193805
350 1.4125 24.0646 0.435287 0.0197332
360 1.45417 24.1428 0.438748 0.019651
370 1.49583 24.2187 0.438138 0.0188089
380 1.5375 24.2945 0.443749 0.019377
390 1.57917 24.3679 0.445818 0.0193774
400 1.62083 24.44 0.44792 0.019309
410 1.6625 24.5349 0.450894 0.0186473
420 1.70417 24.6279 0.452108 0.0191553
430 1.74583 24.7134 0.453018 0.0189712
440 1.7875 24.8125 0.456327 0.0189981
450 1.82917 24.9002 0.45882 0.019198
460 1.87083 24.9833 0.45883 0.0188414
470 1.9125 25.0697 0.462493 0.0191502
480 1.95417 25.1484 0.465605 0.0189916
490 1.99583 25.2336 0.46586 0.0184973
500 2.0375 25.3158 0.467531 0.0189135
510 2.07917 25.3929 0.471136 0.0188068
520 2.12083 25.4783 0.470934 0.0182976
530 2.1625 25.5592 0.473817 0.0189016
540 2.20417 25.6312 0.474907 0.0187374
550 2.24583 25.7145 0.475124 0.0183817
560 2.2875 25.7929 0.479345 0.0184127
570 2.32917 25.8722 0.481284 0.0183616
580 2.37083 25.9498 0.481777 0.0183176
590 2.4125 26.0301 0.483699 0.0181136
600 2.45417 26.1009 0.485653 0.0181253
610 2.49583 26.1783 0.489019 0.0179585
620 2.5375 26.2555 0.488716 0.0180781
630 2.57917 26.3317 0.490149 0.0179932
640 2.62083 26.4059 0.490976 0.0178637
650 2.6625 26.4787 0.491606 0.0177589
660 2.70417 26.554 0.494985 0.0178903
670 2.74583 26.6324 0.49618 0.01773
680 2.7875 26.7134 0.496891 0.0175965
690 2.82692 26.6557 0.497469 0.0175126
700 2.86538 26.7692 0.499023 0.0174929
710 2.90385 26.8685 0.499227 0.0172749
720 2.94231 26.9471 0.501485 0.0174725
730 2.98077 27.0227 0.502598 0.0173484
740 3.01923 27.0994 0.502328 0.01714
750 3.05769 27.1656 0.504227 0.0171864
760 3.09615 27.2337 0.505873 0.0174929
770 3.13462 27.2982 0.505321 0.0169707
780 3.17308 27.3646 0.506945 0.0170596
790 3.21154 27.4324 0.506952 0.0166369
800 3.25 27.5059 0.50892 0.016789
810 3.28846 27.5784 0.510679 0.0167949
820 3.32692 27.6451 0.512096 0.0168057
830 3.36538 27.7217 0.51269 0.0166593
840 3.40385 27.7823 0.513872 0.0167407
850 3.44231 27.8491 0.515802 0.0170566
860 3.48077 27.9106 0.514936 0.0166123
870 3.51923 27.9793 0.515959 0.0167519
880 3.55769 28.039 0.51489 0.0166854
890 3.59615 28.1049 0.518906 0.0167561
900 3.63462 28.1666 0.518707 0.0163393
910 3.67308 28.2396 0.519462 0.0163428
920 3.71154 28.3074 0.51919 0.0161135
930 3.75 28.3626 0.520471 0.015855
940 3.78846 28.3954 0.520472 0.0159463
950 3.82692 28.4142 0.52276 0.0160907
960 3.86538 28.4356 0.523665 0.0159845
970 3.90385 28.4659 0.523852 0.0160218
980 3.94231 28.5118 0.52436 0.015909
990 3.98077 28.5562 0.526232 0.0159869
1000 4.01923 28.6074 0.522984 0.0159271
1010 4.05769 28.6474 0.528362 0.0158935
1020 4.09615 28.6987 0.528662 0.0158212
1030 4.13462 28.7408 0.529895 0.01527
1040 4.17308 28.7955 0.532293 0.0155782
1050 4.21154 28.8409 0.530387 0.015744
1060 4.25 28.8908 0.532106 0.0157127
1070 4.28846 28.9358 0.532612 0.0163201
1080 4.32692 28.9929 0.532635 0.0154629
1090 4.36538 29.0399 0.533632 0.0156062
1100 4.40385 29.098 0.534555 0.0161875
1110 4.44231 29.1401 0.534775 0.0154504
1120 4.48077 29.1891 0.535821 0.0157933
1130 4.51923 29.2384 0.535009 0.0158056
1140 4.55769 29.2876 0.535437 0.0152934
1150 4.59615 29.3278 0.536314 0.0152964
1160 4.63462 29.3683 0.537851 0.0154732
1170 4.67308 29.4125 0.537724 0.0150878
1180 4.71154 29.4581 0.53808 0.0150838
1190 4.75 29.5046 0.538335 0.0145497
1200 4.78846 29.5499 0.538881 0.015013
1210 4.82692 29.5886 0.539471 0.0147332
1220 4.86538 29.6329 0.540398 0.0150653
1230 4.90385 29.673 0.540645 0.0148542
1240 4.94231 29.7165 0.542095 0.015251
1250 4.98077 29.7566 0.541815 0.0147735
1260 5.01923 29.8018 0.540897 0.0153121
1270 5.05769 29.8387 0.54132 0.014483
1280 5.09615 29.8832 0.544681 0.0149563
1290 5.13462 29.9169 0.544298 0.0147945
1300 5.17308 29.9618 0.54766 0.0147933
1310 5.21154 29.9988 0.544423 0.0145264
1320 5.25 30.039 0.54416 0.0146099
1330 5.28846 30.074 0.544365 0.0142643
1340 5.32692 30.1154 0.547888 0.0145263
1350 5.36538 30.1485 0.547672 0.0146119
1360 5.40385 30.1897 0.547937 0.0144401
1370 5.44231 30.2214 0.545902 0.0148132
1380 5.48077 30.2631 0.549425 0.0144734
1390 5.51923 30.294 0.54906 0.0143632
1400 5.55769 30.333 0.550135 0.0146275
1410 5.59615 30.3615 0.548566 0.0141463
1420 5.63462 30.4025 0.549749 0.014262
1430 5.67308 30.4258 0.551168 0.0144659
1440 5.71154 30.4657 0.550858 0.0149915
1450 5.75 30.4947 0.550786 0.0141981
1460 5.78846 30.5341 0.550518 0.0141415
1470 5.82692 30.5561 0.552066 0.0141605
1480 5.86538 30.592 0.55174 0.0144883
1490 5.90385 30.6161 0.551588 0.0140877
1500 5.94231 30.6518 0.553582 0.0141246
1510 5.98077 30.6753 0.552899 0.01421
1520 6.01923 30.71 0.556452 0.0139118
1530 6.05769 30.7339 0.553187 0.0140685
1540 6.09615 30.7712 0.553609 0.0139233
1550 6.13462 30.7945 0.55375 0.0137463
1560 6.17308 30.8272 0.55518 0.0139276
1570 6.21154 30.8492 0.556278 0.0141215
1580 6.25 30.8806 0.554963 0.0138106
1590 6.28846 30.9054 0.555765 0.0140337
1600 6.32692 30.9318 0.556193 0.0138163
1610 6.36538 30.9469 0.557043 0.0139083
1620 6.40385 30.9802 0.556156 0.0137083
1630 6.44231 31.004 0.556438 0.0136897
1640 6.48077 31.0259 0.557258 0.0137875
1650 6.51923 31.0436 0.557124 0.0138685
1660 6.55769 31.0736 0.55724 0.0136651
1670 6.59615 31.0986 0.557388 0.0131139
1680 6.63462 31.1239 0.558396 0.0136536
1690 6.67308 31.145 0.558762 0.0136952
1700 6.71154 31.1738 0.55791 0.0135471
1710 6.75 31.1916 0.559429 0.01434
1720 6.78846 31.2176 0.559067 0.0134211
1730 6.82692 31.237 0.559417 0.0135832
1740 6.86538 31.2663 0.558228 0.0133723
1750 6.90385 31.2804 0.558505 0.0137597
1760 6.94231 31.3056 0.55993 0.0135376
1770 6.98077 31.3224 0.560282 0.0137027
1780 7.01923 31.3457 0.559382 0.0136201
1790 7.05769 31.3643 0.562456 0.0131845
1800 7.09615 31.3912 0.560285 0.0134167
1810 7.13462 31.4022 0.562034 0.0133542
1820 7.17308 31.4251 0.560306 0.0128848
1830 7.21154 31.443 0.561778 0.0134286
1840 7.25 31.4631 0.561496 0.0133252
1850 7.28846 31.4797 0.562162 0.0133554
1860 7.32692 31.5007 0.561733 0.0134307
1870 7.36538 31.5167 0.564266 0.0127311
1880 7.40385 31.5406 0.561144 0.0131652
1890 7.44231 31.5518 0.562121 0.0132342
1900 7.48077 31.5761 0.562785 0.0130469
1910 7.51923 31.5856 0.563498 0.0126336
1920 7.55769 31.6066 0.562996 0.0132827
1930 7.59615 31.6213 0.563656 0.0133865
1940 7.63462 31.6439 0.56309 0.0131229
1950 7.67308 31.6605 0.563768 0.0131007
1960 7.71154 31.6804 0.563184 0.012971
1970 7.75 31.692 0.563064 0.0134143
1980 7.78846 31.7116 0.56485 0.0129534
1990 7.82692 31.7202 0.565444 0.0133733
2000 7.86538 31.7392 0.56656 0.0128782
2010 7.90385 31.7554 0.565267 0.0132462
2020 7.94231 31.771 0.564107 0.0130101
2030 7.98077 31.789 0.564926 0.0131939
2040 8.01923 31.8014 0.563022 0.0120735
2050 8.05769 31.8176 0.565282 0.0130663
2060 8.09615 31.8283 0.56498 0.0128779
2070 8.13462 31.847 0.56632 0.0130425
2080 8.17308 31.8558 0.564483 0.012895
2090 8.21154 31.876 0.565222 0.0129563
2100 8.25 31.8817 0.565534 0.0128852
2110 8.28846 31.903 0.564916 0.0128933
2120 8.32692 31.9074 0.567235 0.0131956
2130 8.36538 31.927 0.568728 0.0126072
2140 8.40385 31.9386 0.566689 0.0129941
2150 8.44231 31.953 0.565902 0.0129658
2160 8.48077 31.9639 0.566637 0.0128218
2170 8.51923 31.9764 0.5662 0.012126
2180 8.55769 31.9894 0.565522 0.0126804
2190 8.59615 32.0031 0.567229 0.0128634
2200 8.63462 32.0124 0.567846 0.012858
2210 8.67308 32.0266 0.566501 0.0127693
2220 8.71154 32.0381 0.567415 0.0128254
2230 8.75 32.0492 0.566882 0.0125415
2240 8.78846 32.061 0.566231 0.0130176
2250 8.82692 32.0695 0.568476 0.012898
2260 8.86538 32.0821 0.571026 0.0128999
2270 8.90385 32.0926 0.567978 0.0126795
2280 8.94231 32.107 0.568628 0.0128794
2290 8.98077 32.1182 0.567898 0.0125393
2300 9.01923 32.1306 0.568036 0.0121978
2310 9.05769 32.134 0.568162 0.0124773
2320 9.09615 32.1465 0.569708 0.0127965
2330 9.13462 32.1543 0.567438 0.0125534
2340 9.17308 32.1697 0.568977 0.0126399
2350 9.21154 32.1778 0.567096 0.0123684
2360 9.25 32.1907 0.568883 0.0127011
2370 9.28846 32.1944 0.568184 0.0124783
2380 9.32692 32.2064 0.570172 0.0129164
2390 9.36538 32.215 0.570314 0.0124167
2400 9.40385 32.2288 0.569077 0.0125971
2410 9.44231 32.2333 0.566773 0.0123725
2420 9.48077 32.25 0.568349 0.0125439
2430 9.51923 32.2501 0.569877 0.0120154
2440 9.55769 32.2629 0.569045 0.0125511
2450 9.59615 32.2672 0.569795 0.0126726
2460 9.63462 32.2842 0.568473 0.0123686
2470 9.67308 32.2895 0.568087 0.0124608
2480 9.71154 32.297 0.569869 0.0125448
2490 9.75 32.3013 0.57013 0.0126669
2500 9.78846 32.3131 0.570221 0.0126276
2510 9.82692 32.3332 0.570107 0.0127728
2520 9.86538 32.3526 0.570941 0.0122335
2530 9.90385 32.3668 0.570404 0.0125599
2540 9.94231 32.3862 0.570168 0.0124975
