0 0 0 0.284783 0.915087
10 0.00804992 331.169 3.23545 3.13281
20 0.0200891 333.407 2.46788 2.34756
30 0.0348321 270.157 2.3371 2.14077
40 0.0518519 258.646 2.2402 1.96076
50 0.0710648 236.425 2.21793 1.86177
60 0.0903549 226.293 2.19781 1.79648
70 0.110417 224.179 2.19109 1.75426
80 0.13125 221.675 2.1872 1.7275
90 0.152273 217.883 2.1623 1.68748
100 0.175 214.634 2.19302 1.70838
110 0.197727 210.758 2.19728 1.70525
120 0.220455 206.811 2.19755 1.70139
130 0.243182 203.11 2.19581 1.70039
140 0.266667 199.975 2.2006 1.71097
150 0.290476 196.616 2.20481 1.71469
160 0.314286 193.232 2.20579 1.71999
170 0.338095 190.038 2.20632 1.7267
180 0.3625 187.26 2.21021 1.73388
190 0.3875 184.418 2.21382 1.74297
200 0.4125 181.481 2.21148 1.74422
210 0.4375 178.648 2.21141 1.74854
220 0.4625 175.957 2.21437 1.75747
230 0.4875 173.334 2.2089 1.75534
240 0.5125 171.056 2.21216 1.76696
250 0.5375 168.55 2.21726 1.77629
260 0.5625 165.975 2.22178 1.7896
270 0.5875 163.413 2.22498 1.79956
280 0.613158 161.213 2.22871 1.81128
290 0.639474 159.017 2.22914 1.81585
300 0.665789 156.732 2.23105 1.82634
310 0.692105 154.562 2.22321 1.82335
320 0.718421 152.543 2.22485 1.83009
330 0.744737 150.634 2.2184 1.82938
340 0.771053 148.765 2.21714 1.8362
350 0.797368 146.931 2.21266 1.83812
360 0.823684 145.106 2.20853 1.84189
370 0.85 143.26 2.21107 1.85076
380 0.876316 141.39 2.21477 1.86247
390 0.902632 139.512 2.21494 1.87048
400 0.928947 137.663 2.21206 1.87656
410 0.955263 135.829 2.21478 1.88836
420 0.981579 134.037 2.21359 1.89521
430 1.00833 132.494 2.21246 1.90345
440 1.03611 131.034 2.21131 1.90883
450 1.06389 129.441 2.20982 1.91704
460 1.09167 127.86 2.20795 1.92159
470 1.11944 126.365 2.20728 1.92977
480 1.14722 124.935 2.20281 1.93175
490 1.175 123.568 2.19957 1.93501
500 1.20278 122.244 2.19493 1.93939
510 1.23056 120.941 2.18779 1.94051
520 1.25833 119.634 2.18477 1.94694
530 1.28611 118.335 2.18096 1.94955
540 1.31389 117.045 2.17093 1.94696
550 1.34167 115.749 2.16508 1.95041
560 1.36944 114.455 2.15994 1.95287
570 1.39722 113.174 2.15519 1.95614
580 1.425 111.9 2.14869 1.95926
590 1.45278 110.612 2.14312 1.96175
600 1.48056 109.367 2.13488 1.96398
610 1.50833 108.145 2.13087 1.96664
620 1.53611 106.974 2.12168 1.96616
630 1.56389 105.813 2.11187 1.96531
640 1.59167 104.703 2.10294 1.96756
650 1.61944 103.637 2.0923 1.9637
660 1.64722 102.607 2.08295 1.9602
670 1.675 101.788 2.07109 1.9577
680 1.70294 101.102 2.05378 1.94774
690 1.73235 100.484 2.04482 1.94765
700 1.76176 100.084 2.02557 1.93691
710 1.79118 99.6931 2.01251 1.93048
720 1.82059 99.3002 1.99471 1.9208
730 1.85 98.9049 1.97607 1.90931
740 1.87941 98.5026 1.95468 1.89612
750 1.90882 98.0921 1.93561 1.88481
760 1.93824 97.6815 1.91576 1.87368
770 1.96765 97.2604 1.89571 1.85988
780 1.99706 96.8315 1.87604 1.84887
790 2.02647 96.3923 1.85101 1.83143
800 2.05588 95.9436 1.8269 1.81593
810 2.08529 95.4859 1.80582 1.80096
820 2.11471 95.0256 1.77823 1.78145
830 2.14412 94.5571 1.75203 1.76135
840 2.17353 94.0775 1.72926 1.74824
850 2.20294 93.5879 1.69964 1.7273
860 2.23235 93.0913 1.6723 1.70659
870 2.26176 92.6007 1.64514 1.68442
880 2.29118 92.1154 1.61698 1.66641
890 2.32059 91.6242 1.58921 1.64492
900 2.35 91.1226 1.56025 1.62294
910 2.37941 90.623 1.53042 1.60023
920 2.40882 90.1194 1.49719 1.57489
930 2.43824 89.6138 1.46498 1.54616
940 2.46765 89.1188 1.43219 1.52136
950 2.49706 88.6231 1.39997 1.4958
960 2.52647 88.125 1.36173 1.46621
970 2.55625 87.2756 1.33134 1.44252
980 2.5875 86.6214 1.29103 1.41041
990 2.61875 86.0794 1.25342 1.38132
1000 2.65 85.5353 1.21258 1.35001
1010 2.68125 84.9732 1.17355 1.32128
1020 2.7125 84.3989 1.13375 1.29286
1030 2.74375 83.7978 1.09758 1.26906
1040 2.775 83.185 1.06646 1.25062
1050 2.80625 82.5568 1.03613 1.23673
1060 2.8375 81.9198 1.00796 1.22534
1070 2.86875 81.2832 0.993 1.2274
1080 2.9 80.6406 0.979043 1.23307
1090 2.93125 79.9973 0.975557 1.24945
1100 2.9625 79.3868 0.977231 1.2726
1110 2.99375 80.9564 0.981917 1.29841
1120 3.025 85.8876 0.995458 1.3339
1130 3.05625 90.5307 1.01346 1.37277
1140 3.0875 94.7962 1.03386 1.41483
1150 3.11875 98.6391 1.05742 1.45846
1160 3.15 102.063 1.08632 1.50602
1170 3.18086 105.023 1.12142 1.55842
1180 3.20882 106.735 1.13705 1.58972
1190 3.23824 109.029 1.16735 1.6349
1200 3.26765 110.486 1.19439 1.6751
1210 3.29706 111.73 1.22238 1.71517
1220 3.32647 112.685 1.24718 1.75033
1230 3.35588 113.307 1.27111 1.78279
1240 3.38529 113.665 1.29397 1.81343
1250 3.41471 113.782 1.31295 1.83979
1260 3.44412 113.72 1.33325 1.86511
1270 3.47353 113.533 1.35119 1.88646
1280 3.50294 113.168 1.3641 1.90319
1290 3.53235 112.668 1.37895 1.92024
1300 3.56176 112.056 1.3943 1.93627
1310 3.59118 111.329 1.4006 1.94304
1320 3.62059 110.519 1.41069 1.95163
1330 3.65 109.628 1.41534 1.95547
1340 3.68125 109.028 1.41875 1.95644
1350 3.7125 107.712 1.42272 1.9578
1360 3.74375 106.486 1.42758 1.95635
1370 3.775 105.263 1.43053 1.95378
1380 3.80625 103.959 1.42695 1.94488
1390 3.83633 101.948 1.42633 1.93673
1400 3.86471 100.962 1.42373 1.92657
1410 3.89412 99.8144 1.41574 1.91047
1420 3.92353 98.336 1.41415 1.89999
1430 3.95294 96.8395 1.40818 1.88274
1440 3.98235 95.377 1.39934 1.86387
1450 4.01176 93.9556 1.39345 1.84354
1460 4.04118 92.5615 1.38298 1.81982
1470 4.07059 91.1682 1.37518 1.79682
1480 4.1 89.7351 1.37014 1.77584
1490 4.12941 88.2501 1.35854 1.74712
1500 4.15882 86.705 1.35494 1.72454
1510 4.18824 85.0957 1.35116 1.70154
1520 4.21765 83.403 1.34936 1.67953
1530 4.24706 84.8413 1.35109 1.65965
1540 4.27647 86.7026 1.3498 1.63492
1550 4.30588 88.7069 1.35942 1.6214
1560 4.33529 90.8567 1.36903 1.60417
1570 4.36471 93.1605 1.37956 1.58867
1580 4.39412 95.5948 1.39577 1.57872
1590 4.42353 98.1641 1.42 1.57444
1600 4.45294 100.844 1.44384 1.5698
1610 4.48235 103.612 1.4733 1.57018
1620 4.51176 106.446 1.50696 1.5746
1630 4.54118 109.309 1.54954 1.58991
1640 4.57059 112.156 1.59642 1.60874
1650 4.6 114.976 1.64548 1.63141
1660 4.62941 117.726 1.69724 1.65766
1670 4.65882 120.379 1.75748 1.69414
1680 4.68824 122.916 1.81748 1.73134
1690 4.71765 125.324 1.88223 1.77432
1700 4.74706 127.59 1.94321 1.81636
1710 4.77647 129.709 2.00799 1.86338
1720 4.80588 131.665 2.07676 1.91615
1730 4.83529 133.437 2.13292 1.95833
1740 4.86471 135.02 2.19263 2.00414
1750 4.89412 136.46 2.24626 2.04417
1760 4.92353 137.71 2.29506 2.08491
1770 4.95294 138.793 2.33789 2.11848
1780 4.98235 139.669 2.38409 2.15551
1790 5.01176 140.48 2.42118 2.18517
1800 5.04118 141.204 2.45561 2.2156
1810 5.07059 141.611 2.49021 2.24299
1820 5.1 141.865 2.5185 2.26822
1830 5.12941 141.988 2.54587 2.29341
1840 5.15882 141.998 2.56912 2.31314
1850 5.18824 141.888 2.58669 2.32817
1860 5.21765 141.654 2.60648 2.34671
1870 5.24706 141.336 2.61774 2.35647
1880 5.27647 140.923 2.62522 2.36442
1890 5.30588 140.412 2.63078 2.3712
1900 5.33529 139.829 2.63561 2.3754
1910 5.36471 139.17 2.64138 2.38215
1920 5.39412 138.449 2.64281 2.3848
1930 5.42353 137.688 2.64556 2.3885
1940 5.45294 136.869 2.64928 2.39505
1950 5.48235 136.045 2.6489 2.3961
1960 5.51176 135.198 2.65812 2.40516
1970 5.54118 134.344 2.66452 2.41567
1980 5.57059 133.497 2.67558 2.4288
1990 5.6 132.691 2.68283 2.43548
2000 5.63125 132.408 2.69294 2.45059
2010 5.6625 131.716 2.70453 2.46239
2020 5.69375 130.94 2.71501 2.47515
2030 5.725 130.176 2.72805 2.49019
2040 5.75625 129.445 2.73718 2.50262
2050 5.7875 128.745 2.74409 2.51064
2060 5.81875 128.07 2.75006 2.51983
2070 5.85 127.401 2.75097 2.52033
2080 5.88125 126.756 2.74963 2.52129
2090 5.9125 126.14 2.74246 2.51792
2100 5.94375 125.54 2.73581 2.51146
2110 5.975 124.957 2.72518 2.50355
2120 6.00625 124.384 2.71248 2.49459
2130 6.0375 123.825 2.69323 2.4805
2140 6.06875 123.264 2.6731 2.46525
2150 6.1 122.695 2.64924 2.44542
2160 6.13125 122.063 2.62983 2.43151
2170 6.16176 121.077 2.60527 2.41396
2180 6.19118 120.059 2.57995 2.39691
2190 6.22059 119.168 2.55451 2.38094
2200 6.25 118.246 2.52866 2.36234
2210 6.27941 117.213 2.50374 2.34846
2220 6.30882 116.046 2.47584 2.33055
2230 6.33824 114.77 2.44874 2.31676
2240 6.36765 113.368 2.42504 2.30569
2250 6.39706 111.829 2.40086 2.29578
2260 6.42647 110.166 2.38265 2.29036
2270 6.45588 108.406 2.35028 2.27645
2280 6.48529 106.568 2.32438 2.26862
2290 6.51471 104.689 2.29197 2.25404
2300 6.54412 102.783 2.26969 2.24713
2310 6.57353 101.728 2.23107 2.23065
2320 6.60294 100.912 2.18979 2.21045
2330 6.63235 100.087 2.15138 2.19061
2340 6.66176 99.273 2.11207 2.16983
2350 6.69118 98.465 2.06643 2.14308
2360 6.72059 97.6781 2.01598 2.11513
2370 6.75 96.9319 1.97848 2.09421
2380 6.77941 96.2175 1.93534 2.07452
2390 6.80882 98.2599 1.89909 2.06206
2400 6.83824 106.02 1.86772 2.0505
2410 6.86765 113.961 1.83733 2.0449
2420 6.89706 121.475 1.81905 2.05071
2430 6.92647 128.392 1.80203 2.06057
2440 6.95588 134.327 1.79735 2.07884
2450 6.98487 139.543 1.80192 2.10223
2460 7.01111 143.184 1.78207 2.10419
2470 7.03889 146.331 1.78153 2.12454
2480 7.06667 148.892 1.78455 2.14835
2490 7.09444 150.901 1.78327 2.16449
2500 7.12199 152.567 1.79054 2.19039
2510 7.14745 153.117 1.7865 2.20144
2520 7.17368 153.996 1.78231 2.21414
2530 7.2 154.568 1.78365 2.22965
2540 7.22632 154.914 1.78401 2.2468
2550 7.25263 155.14 1.7841 2.26109
2560 7.27895 155.244 1.7859 2.27782
2570 7.30526 155.265 1.77857 2.28518
2580 7.33158 155.185 1.77743 2.29897
2590 7.35789 155.065 1.77631 2.31273
2600 7.38421 154.741 1.77343 2.32337
2610 7.41053 154.297 1.7764 2.33808
2620 7.43684 153.721 1.77438 2.34971
2630 7.46316 153.083 1.77688 2.36293
2640 7.48947 152.362 1.77331 2.37077
2650 7.51579 151.603 1.77299 2.38115
2660 7.54211 150.622 1.76893 2.38624
2670 7.56842 149.525 1.76753 2.39191
2680 7.59474 148.359 1.76227 2.39277
2690 7.62105 147.117 1.76244 2.39772
2700 7.64737 145.81 1.75727 2.39751
2710 7.67368 144.428 1.75079 2.39663
2720 7.7 142.98 1.74491 2.39406
2730 7.72632 141.484 1.74265 2.39425
2740 7.75263 139.939 1.73551 2.38809
2750 7.77895 138.349 1.72817 2.38098
2760 7.80526 136.725 1.72257 2.37676
2770 7.83158 135.084 1.71466 2.36869
2780 7.85789 133.408 1.7088 2.36087
2790 7.88421 131.691 1.70374 2.35476
2800 7.91111 130.387 1.69227 2.34032
2810 7.93889 128.33 1.68379 2.32969
2820 7.96667 126.217 1.67364 2.31668
2830 7.99444 124.174 1.66508 2.30303
2840 8.02222 122.124 1.65552 2.28879
2850 8.05 120.061 1.64707 2.27519
2860 8.07778 117.961 1.63395 2.25744
2870 8.10556 115.838 1.62389 2.23886
2880 8.13333 113.688 1.61293 2.22089
2890 8.16111 111.525 1.60044 2.20117
2900 8.18889 109.342 1.58722 2.1797
2910 8.21667 107.146 1.57198 2.1555
2920 8.24444 104.889 1.55573 2.1303
2930 8.27222 102.583 1.53976 2.10333
2940 8.3 100.255 1.52064 2.07386
2950 8.32778 97.9103 1.49941 2.04165
2960 8.35556 95.5587 1.47825 2.00926
2970 8.38333 93.2504 1.45528 1.97133
2980 8.41111 91.01 1.43428 1.93498
2990 8.4381 88.6093 1.4015 1.88598
3000 8.46316 86.4867 1.38759 1.85743
3010 8.48947 84.8574 1.36297 1.8139
3020 8.51579 82.8583 1.34173 1.7712
3030 8.54211 80.7559 1.32048 1.7307
3040 8.56842 80.2561 1.29998 1.69041
3050 8.59474 81.7174 1.28421 1.65272
3060 8.62105 83.3123 1.26565 1.61036
3070 8.64737 85.0345 1.25428 1.57343
3080 8.67368 86.8918 1.24485 1.54014
3090 8.7 88.8904 1.24044 1.5098
3100 8.72632 91.0183 1.23764 1.48126
3110 8.75263 93.2709 1.24067 1.45813
3120 8.77895 95.6312 1.25069 1.43996
3130 8.80526 98.0813 1.2604 1.42238
3140 8.83158 100.593 1.28089 1.41507
3150 8.85789 103.133 1.30471 1.41239
3160 8.88273 105.388 1.32861 1.41409
3170 8.9075 107.715 1.35948 1.41987
3180 8.9325 110.022 1.39083 1.43036
3190 8.9575 112.273 1.43061 1.45053
3200 8.9825 114.43 1.46902 1.47043
3210 9.00714 116.361 1.51248 1.49629
3220 9.03095 118.139 1.54369 1.51621
3230 9.05476 119.809 1.58822 1.54672
3240 9.07857 121.383 1.62169 1.56562
3250 9.10238 122.83 1.66264 1.59327
3260 9.12619 124.133 1.69906 1.6234
3270 9.15 125.305 1.72768 1.64066
3280 9.17381 126.34 1.75233 1.65369
3290 9.19683 127.289 1.84576 1.73965
3300 9.21818 127.745 1.80594 1.69274
3310 9.24091 128.28 1.81975 1.70493
3320 9.26364 128.791 1.83886 1.7159
3330 9.28636 129.187 1.85776 1.73244
3340 9.30909 129.486 1.87315 1.74046
3350 9.33182 129.683 1.8827 1.74354
3360 9.35455 129.794 1.89155 1.74471
3370 9.37727 129.84 1.89785 1.74155
3380 9.4 129.777 1.89858 1.7273
3390 9.42273 129.642 1.89956 1.70099
3400 9.44545 129.443 1.89085 1.66269
3410 9.46818 129.199 1.90716 1.69589
3420 9.49091 128.868 1.90262 1.70353
3430 9.51429 128.623 1.90755 1.70178
3440 9.5381 128.257 1.88625 1.67931
3450 9.5619 127.778 1.89241 1.69194
3460 9.58571 127.262 1.87186 1.67088
3470 9.61 126.797 1.86224 1.64118
3480 9.635 126.249 1.85143 1.67403
3490 9.66 125.587 1.8441 1.6618
3500 9.685 124.866 1.83548 1.62775
3510 9.71053 124.31 1.82778 1.61713
3520 9.73684 123.61 1.80169 1.61887
3530 9.76316 122.903 1.79976 1.58208
3540 9.78947 122.092 1.78766 1.60638
3550 9.81579 121.317 1.77494 1.58648
3560 9.84211 120.585 1.77559 1.59042
3570 9.86842 119.854 1.7776 1.55909
3580 9.89474 119.143 1.77216 1.592
3590 9.92105 118.463 1.77567 1.58686
3600 9.94737 117.837 1.77965 1.59215
