0 0 0 0.000221056 0.00105097
10 0.0118666 219.624 1.72835 0.39732
20 0.0335145 133.693 0.694236 0.110788
30 0.0588235 112.112 0.615715 0.0832003
40 0.0904977 94.5364 0.620236 0.0799511
50 0.123333 83.9663 0.629102 0.0779219
60 0.157143 80.3724 0.654706 0.0814285
70 0.192857 73.3877 0.661022 0.0791428
80 0.228571 70.1462 0.674406 0.0793854
90 0.264286 66.2566 0.691054 0.0812746
100 0.3 62.4227 0.702732 0.0807948
110 0.335714 59.3866 0.717165 0.0812612
120 0.371429 57.95 0.726072 0.0813708
130 0.407143 56.7004 0.738185 0.0830669
140 0.442857 55.5002 0.750333 0.0838628
150 0.478571 54.2504 0.759608 0.0835463
160 0.514286 52.8017 0.769457 0.0838398
170 0.55 51.0781 0.77659 0.0841553
180 0.583418 49.8872 0.787649 0.0843852
190 0.616667 48.7137 0.793946 0.084483
200 0.65 47.9017 0.804857 0.0853497
210 0.683333 47.3951 0.814455 0.0861977
220 0.716667 46.8052 0.820588 0.0859296
230 0.75 46.2094 0.828389 0.0862904
240 0.783333 46.4626 0.839246 0.0879777
250 0.816667 46.7105 0.845328 0.0873293
260 0.85 46.9559 0.850094 0.0866909
270 0.883333 47.1975 0.859701 0.087987
280 0.916667 47.4366 0.865747 0.0880857
290 0.95 47.6726 0.874766 0.08897
300 0.983333 47.9057 0.880394 0.0892238
310 1.01667 48.1314 0.885814 0.0890636
320 1.05 48.351 0.891488 0.0898723
330 1.08333 48.5653 0.896789 0.089443
340 1.11667 48.7742 0.898799 0.0886982
350 1.15 48.9774 0.902841 0.0888771
360 1.18333 49.173 0.908937 0.0889793
370 1.21667 49.3643 0.910831 0.0887035
380 1.25 49.5493 0.91385 0.0890544
390 1.28333 49.7293 0.91726 0.089031
400 1.31667 49.903 0.918572 0.0880446
410 1.35 50.0738 0.922103 0.0880584
420 1.38333 50.2837 0.928228 0.0891794
430 1.41667 52.9604 0.927191 0.0880897
440 1.45 55.6165 0.927276 0.088036
450 1.48333 58.1117 0.93158 0.0883703
460 1.51667 60.5405 0.936731 0.0885978
470 1.55 62.9905 0.933738 0.08817
480 1.58333 65.5264 0.93684 0.0881751
490 1.61667 68.1531 0.940364 0.0884935
500 1.65 70.598 0.94314 0.0889981
510 1.68333 73.3354 0.944521 0.0892031
520 1.71667 75.3382 0.946958 0.0891916
530 1.75 77.0905 0.952496 0.0908212
540 1.78333 78.8547 0.948029 0.0889217
550 1.81667 80.5656 0.953762 0.0904009
560 1.85 82.1519 0.954317 0.0904991
570 1.88333 83.7058 0.955811 0.0903447
580 1.91667 85.2308 0.958473 0.0915839
590 1.95 86.6767 0.961933 0.0923621
600 1.98333 88.225 0.967868 0.0943186
610 2.01667 89.5643 0.966608 0.0938819
620 2.05 90.7231 0.969646 0.0946285
630 2.08333 91.5347 0.973393 0.0964692
640 2.11667 92.4667 0.972673 0.0958813
650 2.15 93.4548 0.980327 0.0978362
660 2.18333 94.3931 0.977712 0.097945
670 2.21667 95.2187 0.986357 0.101027
680 2.25 94.9737 0.990576 0.102816
690 2.28333 95.3478 0.995816 0.104373
700 2.31667 96.2283 0.999764 0.106006
710 2.35 97.2967 1.00643 0.108545
720 2.38333 98.3497 1.00846 0.109859
730 2.41667 99.3399 1.01698 0.112178
740 2.45 100.045 1.0256 0.115253
750 2.48333 100.388 1.02902 0.117037
760 2.51667 100.484 1.03828 0.120635
770 2.55 100.525 1.0445 0.123968
780 2.58333 100.767 1.05201 0.12668
790 2.61667 101.332 1.06476 0.130989
800 2.65 102.066 1.0739 0.134305
810 2.68333 102.688 1.07967 0.13721
820 2.71667 102.816 1.09274 0.141662
830 2.75 102.294 1.10454 0.145888
840 2.78333 101.267 1.11747 0.150696
850 2.81667 100.144 1.12999 0.155017
860 2.85 99.3233 1.14243 0.160238
870 2.88333 99.0523 1.15674 0.164905
880 2.91667 99.1125 1.1696 0.169631
890 2.95 98.9345 1.18377 0.174941
900 2.98333 97.9621 1.19643 0.17934
