0 0 0 1.27117e-05 0.000146447
10 0.0183078 77.266 0.301469 0.0211749
20 0.05 55.0883 0.292995 0.0192213
30 0.0884615 48.4851 0.252793 0.0141221
40 0.129167 41.3371 0.259832 0.0139579
50 0.172727 36.8233 0.275828 0.0140569
60 0.218182 34.2405 0.284128 0.0149076
70 0.263636 31.6591 0.291646 0.0154182
80 0.309091 30.0201 0.296211 0.0143042
90 0.354545 29.1481 0.302726 0.0144574
100 0.4 26.9575 0.311459 0.0156312
110 0.445455 27.2075 0.315089 0.015196
120 0.490909 26.2264 0.321913 0.0153036
130 0.536364 25.7829 0.32872 0.0154001
140 0.581818 24.5552 0.333013 0.0154354
150 0.627273 24.2097 0.334759 0.0152142
160 0.672727 23.6618 0.342821 0.0153097
170 0.718182 23.3735 0.346168 0.0153967
180 0.763636 22.688 0.352295 0.0156297
190 0.809091 22.2402 0.356336 0.0155684
200 0.854545 21.5409 0.35964 0.0154965
210 0.9 21.1089 0.364591 0.0155418
220 0.945455 20.4678 0.368539 0.0155906
230 0.990909 20.5165 0.372407 0.0155675
240 1.03636 20.4496 0.374822 0.0155331
250 1.08182 20.5156 0.376082 0.0152438
260 1.12727 20.58 0.37966 0.0151911
270 1.17216 20.4828 0.385315 0.0152362
280 1.2125 20.9547 0.384644 0.0150641
290 1.25417 20.9762 0.386255 0.014868
300 1.29583 21.0316 0.390659 0.0149401
310 1.3375 21.0852 0.391665 0.0147845
320 1.37917 21.1395 0.394576 0.0147584
330 1.42083 21.1924 0.398302 0.0149039
340 1.4625 21.2436 0.400589 0.0146537
350 1.50417 21.294 0.402416 0.0147247
360 1.54583 21.3441 0.405322 0.0148534
370 1.5875 21.3932 0.407177 0.014581
380 1.62917 21.4416 0.409318 0.0144933
390 1.67083 21.4891 0.411159 0.0143793
400 1.7125 21.5355 0.414182 0.0144827
410 1.75417 21.5814 0.416953 0.0144717
420 1.79583 21.6259 0.419084 0.0145545
430 1.8375 21.6682 0.420926 0.0143959
440 1.87917 21.706 0.421723 0.01417
450 1.92083 21.7501 0.425669 0.0143543
460 1.9625 21.7916 0.429437 0.0149297
470 2.00417 21.8325 0.429817 0.0143516
480 2.04583 21.873 0.431257 0.0142217
490 2.0875 21.9125 0.432147 0.0140662
500 2.12917 21.9516 0.435651 0.014171
510 2.17083 21.9898 0.435689 0.0139071
520 2.2125 22.0273 0.438233 0.0139844
530 2.25417 22.0646 0.442584 0.0146901
540 2.29583 22.1009 0.443402 0.014334
550 2.3375 22.137 0.443449 0.0138371
560 2.37917 22.1736 0.444884 0.0137829
570 2.42083 22.2128 0.446228 0.0136904
580 2.4625 22.2543 0.449437 0.0138926
590 2.50417 22.2925 0.449662 0.0136519
600 2.54583 22.3304 0.451128 0.013532
610 2.5875 22.3678 0.452448 0.0134724
620 2.62917 22.5405 0.454526 0.0134012
630 2.67083 22.7353 0.4542 0.0132433
640 2.7125 22.8576 0.456496 0.0130704
650 2.75417 22.9033 0.458525 0.0132644
660 2.79583 23.0565 0.459543 0.0129582
670 2.8375 23.0993 0.462081 0.0132395
680 2.87917 23.1455 0.460371 0.0122829
690 2.92083 23.1918 0.464792 0.0130102
700 2.9625 23.2352 0.466063 0.0131273
710 3.00417 23.2768 0.465662 0.0127815
720 3.04583 23.3187 0.466178 0.0120477
730 3.0875 23.3602 0.469681 0.0129146
740 3.12917 23.4002 0.471278 0.0129096
750 3.17083 23.4401 0.471829 0.0126554
760 3.2125 23.4793 0.470603 0.0124433
770 3.25417 23.5174 0.474042 0.0127171
780 3.29583 23.5559 0.47487 0.0126577
790 3.3375 23.5935 0.479387 0.0132713
800 3.37917 23.6301 0.477536 0.0124691
810 3.42083 23.6672 0.477092 0.0122508
820 3.4625 23.7027 0.478705 0.0122529
830 3.50417 23.738 0.479755 0.0122912
840 3.54583 23.7739 0.481911 0.0122826
850 3.5875 23.8089 0.482337 0.0122318
860 3.62917 23.8384 0.484709 0.0124045
870 3.67083 23.8695 0.484004 0.0120586
880 3.7125 23.9075 0.48573 0.0121588
890 3.75417 23.942 0.486496 0.0120148
900 3.79583 23.9713 0.487702 0.0120531
910 3.8375 23.9976 0.489194 0.0123545
920 3.87917 24.0342 0.491113 0.0122017
930 3.92083 24.0655 0.488441 0.0110773
940 3.9625 24.0878 0.491769 0.011931
950 4.00417 24.1201 0.493159 0.0120617
960 4.04583 24.1529 0.493135 0.0117279
970 4.0875 24.1758 0.493838 0.0117389
980 4.12917 24.2034 0.495055 0.0119124
990 4.17083 24.2365 0.495557 0.0116148
1000 4.2125 24.2578 0.494977 0.0113731
1010 4.25417 24.287 0.498347 0.0117586
1020 4.29583 24.3187 0.498461 0.0116446
1030 4.3375 24.3386 0.499101 0.0114197
1040 4.37917 24.373 0.497597 0.010675
1050 4.42083 24.4008 0.502082 0.0115621
1060 4.4625 24.4286 0.504858 0.012263
1070 4.50417 24.4598 0.50305 0.01149
1080 4.54583 24.4811 0.503561 0.0114449
1090 4.5875 24.5156 0.502849 0.0111305
1100 4.62917 24.5328 0.504359 0.0111557
1110 4.67083 24.5636 0.505975 0.0113058
1120 4.7125 24.583 0.50664 0.0110431
1130 4.75417 24.6051 0.506771 0.0111145
1140 4.79583 24.6296 0.506943 0.0107944
1150 4.8375 24.6515 0.506916 0.0108345
1160 4.87917 24.6749 0.510815 0.0116319
1170 4.92083 24.6975 0.508674 0.0107689
1180 4.9625 24.7218 0.508334 0.0101426
1190 5.00417 24.7399 0.512467 0.0110426
1200 5.04583 24.7807 0.512039 0.0107912
1210 5.0875 24.7966 0.512097 0.0107487
1220 5.12917 24.8153 0.513496 0.0109141
1230 5.17083 24.8348 0.512948 0.0105413
1240 5.2125 24.8547 0.513637 0.0105704
1250 5.25417 24.8744 0.515891 0.0108013
1260 5.29583 24.8935 0.512888 0.0102894
1270 5.3375 24.9126 0.515362 0.0107666
1280 5.37917 24.9317 0.518218 0.010673
1290 5.42083 24.9504 0.519284 0.0112821
1300 5.4625 24.968 0.515943 0.0105871
1310 5.50417 24.987 0.519729 0.0107899
1320 5.54583 25.0038 0.517914 0.0102522
1330 5.5875 25.022 0.518227 0.0102657
1340 5.62917 25.0391 0.521367 0.0105417
1350 5.67083 25.0559 0.517767 0.0101077
1360 5.7125 25.0726 0.520287 0.010384
1370 5.75417 25.0893 0.523218 0.0103571
1380 5.79583 25.1052 0.523583 0.0109873
1390 5.8375 25.1205 0.520939 0.0104835
1400 5.87917 25.1365 0.52399 0.0104209
1410 5.92083 25.151 0.522464 0.00996762
1420 5.9625 25.1663 0.522497 0.0100677
1430 6.00417 25.1812 0.524563 0.0102394
1440 6.04583 25.196 0.521723 0.009797
1450 6.0875 25.2104 0.524398 0.0101895
1460 6.12917 25.2247 0.527104 0.0101081
1470 6.17083 25.239 0.527427 0.010816
1480 6.2125 25.2528 0.524553 0.0101577
1490 6.25417 25.2669 0.528198 0.0102393
1500 6.29583 25.2801 0.525742 0.00969451
1510 6.3375 25.2938 0.526462 0.0097606
1520 6.37917 25.3069 0.528353 0.0100154
1530 6.42083 25.32 0.525966 0.00966118
1540 6.4625 25.3329 0.52813 0.00992451
1550 6.50417 25.3452 0.53114 0.00992841
1560 6.54583 25.3579 0.530476 0.0101249
1570 6.5875 25.3702 0.527838 0.00962516
1580 6.62917 25.3825 0.529189 0.00953017
1590 6.67083 25.3942 0.529237 0.00952267
1600 6.7125 25.406 0.529873 0.00973427
1610 6.75417 25.418 0.534346 0.0105918
1620 6.79583 25.429 0.530365 0.0095847
1630 6.8375 25.4406 0.531466 0.00971717
1640 6.87917 25.4515 0.533728 0.00965566
1650 6.92083 25.4621 0.530282 0.00946136
1660 6.9625 25.473 0.530976 0.00973839
1670 7.00417 25.4837 0.53356 0.00941218
1680 7.04583 25.4948 0.53464 0.00984855
1690 7.0875 25.5049 0.532181 0.00954164
1700 7.12917 25.5156 0.532078 0.00930626
1710 7.17083 25.5257 0.53451 0.00957249
1720 7.2125 25.5357 0.53422 0.00954258
1730 7.25417 25.5452 0.533929 0.00873651
1740 7.29583 25.5549 0.535168 0.00939578
1750 7.3375 25.5649 0.531653 0.00904021
1760 7.37917 25.5743 0.537299 0.00945452
1770 7.42083 25.5832 0.535046 0.00943871
1780 7.4625 25.5927 0.53849 0.0101819
1790 7.50417 25.6013 0.536437 0.00951598
1800 7.54583 25.6106 0.535846 0.00951755
1810 7.5875 25.619 0.53623 0.00923949
1820 7.62917 25.6276 0.535584 0.00894447
1830 7.67083 25.6362 0.538782 0.00954748
1840 7.7125 25.6447 0.536203 0.00935471
1850 7.75417 25.6533 0.538286 0.00934931
1860 7.79583 25.6615 0.538524 0.00930723
1870 7.8375 25.6705 0.537217 0.00904627
1880 7.87917 25.679 0.538085 0.00919223
1890 7.92083 25.6873 0.537568 0.00926681
1900 7.9625 25.6957 0.5383 0.00859401
1910 8.00417 25.7035 0.540309 0.00915098
1920 8.04583 25.712 0.539181 0.00895099
1930 8.0875 25.7196 0.538472 0.00925679
1940 8.12917 25.7267 0.538715 0.00891909
1950 8.17083 25.734 0.538307 0.00822125
1960 8.2125 25.741 0.539618 0.0089329
1970 8.25417 25.7484 0.540586 0.00895125
1980 8.29583 25.7549 0.539989 0.00910213
1990 8.3375 25.7615 0.540256 0.00905348
2000 8.37917 25.7682 0.544333 0.0098656
2010 8.42083 25.7743 0.541731 0.00915487
2020 8.4625 25.7808 0.539892 0.00909588
2030 8.50417 25.7865 0.540943 0.00884616
2040 8.54583 25.7921 0.541008 0.00884813
2050 8.5875 25.7976 0.543051 0.00892544
2060 8.62917 25.8029 0.542763 0.00895931
2070 8.67083 25.8084 0.542875 0.00871465
2080 8.7125 25.8136 0.544343 0.00914409
2090 8.75417 25.8192 0.541792 0.00872684
2100 8.79583 25.8241 0.542473 0.00896863
2110 8.8375 25.8295 0.543318 0.00904446
2120 8.87917 25.8351 0.544401 0.00891739
2130 8.92083 25.8401 0.543187 0.0089064
2140 8.9625 25.8459 0.542582 0.00898776
2150 9.00417 25.8505 0.543363 0.00877278
2160 9.04583 25.8558 0.543829 0.00847548
2170 9.0875 25.8612 0.543896 0.00892387
2180 9.12917 25.8662 0.544317 0.0089281
2190 9.17083 25.8711 0.542311 0.00835241
2200 9.2125 25.8763 0.544821 0.00891025
2210 9.25417 25.8814 0.545924 0.0088362
2220 9.29583 25.8867 0.545962 0.00900842
2230 9.3375 25.8915 0.542776 0.00882117
2240 9.37917 25.8963 0.541764 0.00829063
2250 9.42083 25.9012 0.549268 0.00969434
2260 9.4625 25.9059 0.545886 0.00885533
2270 9.50417 25.9111 0.543777 0.00847755
2280 9.54583 25.9156 0.54564 0.00877936
2290 9.5875 25.9201 0.5463 0.00881271
2300 9.62917 25.9247 0.547444 0.00876811
2310 9.67083 25.9285 0.545575 0.0086923
2320 9.7125 25.933 0.545887 0.00891976
2330 9.75417 25.9373 0.546416 0.00865669
2340 9.79583 25.941 0.54638 0.00860376
2350 9.8375 25.945 0.545078 0.00827166
2360 9.87917 25.9491 0.546603 0.00869998
2370 9.92083 25.9534 0.546114 0.00857148
