0 0 0 5.99022e-18 0.828235
10 0.020169 126.216 -0.000915424 0.760083
20 0.0541667 90.3536 -0.000374652 0.475275
30 0.1 71.8332 0.00128589 0.318869
40 0.15 66.8827 0.000733737 0.253912
50 0.2 65.1029 0.000878897 0.221789
60 0.25 64.2736 0.00147727 0.201525
70 0.3 63.7212 -0.00185612 0.187537
80 0.35 63.3221 -0.00065716 0.177872
90 0.4 62.9796 -0.00084359 0.16963
100 0.45 62.7437 0.00153135 0.163332
110 0.5 62.553 0.00184441 0.158103
120 0.55 62.3909 0.000111213 0.153914
130 0.6 62.2444 0.000957616 0.150254
140 0.65 62.1246 -0.000359371 0.147156
150 0.7 61.9804 -0.000446083 0.144626
160 0.75 61.9072 -0.000868128 0.142306
170 0.8 61.818 0.00101604 0.140272
180 0.85 61.7474 0.000515171 0.138453
190 0.9 61.6392 -0.000946503 0.137064
200 0.95 61.5944 -0.0011885 0.135722
210 1 61.5215 -9.92609e-05 0.134408
220 1.05 61.4696 0.000144713 0.133346
230 1.1 61.4276 0.00225435 0.132352
240 1.15 61.3537 0.00132633 0.131816
250 1.2 61.3245 -0.00028614 0.130993
260 1.25 61.2485 -0.00100208 0.130378
270 1.3 61.231 -0.000877129 0.129807
280 1.35 61.1781 4.81015e-05 0.129089
290 1.4 61.1461 8.28994e-05 0.128655
300 1.45 61.1248 0.000767523 0.128205
310 1.5 61.0664 0.00130771 0.127936
320 1.55 61.0523 -2.8082e-05 0.127528
330 1.6 60.991 -0.000549741 0.127237
340 1.65 60.9864 -4.18449e-05 0.126748
350 1.7 60.9465 -0.000560025 0.126471
360 1.75 60.932 -0.00171049 0.126242
370 1.8 60.9181 0.000397251 0.126009
380 1.85 60.8746 0.000543139 0.125795
390 1.9 60.8591 0.00061933 0.125436
400 1.95 60.8084 -0.00154721 0.125322
410 2 60.8108 -0.000200698 0.125001
420 2.05 60.7836 0.000373394 0.124657
430 2.1 60.7748 -0.00117748 0.124589
440 2.15 60.731 -0.000914993 0.124421
450 2.2 60.7444 0.00107804 0.124133
460 2.25 60.7201 -0.00172531 0.124049
470 2.3 60.6779 -0.000473522 0.123902
480 2.35 60.6967 8.44877e-05 0.123694
490 2.4 60.6706 -0.00293394 0.123506
500 2.45 60.6507 -0.000760339 0.123288
510 2.5 60.6405 2.32135e-06 0.123177
520 2.55 60.6073 0.00195254 0.123494
530 2.6 60.594 -0.00166587 0.123064
540 2.65 60.593 0.000819027 0.122842
550 2.7 60.5709 -0.000870249 0.12304
560 2.75 60.5538 -0.00027156 0.122544
570 2.8 60.5564 -7.59428e-05 0.122576
580 2.85 60.5329 0.000634338 0.122578
590 2.9 60.5169 0.000360474 0.122215
600 2.95 60.5235 0.00118768 0.12215
610 3 60.4985 0.00260792 0.12245
620 3.05 60.487 -0.000152093 0.12202
630 3.1 60.494 -0.0011913 0.121728
640 3.15 60.4714 0.000418186 0.12194
650 3.2 60.4577 0.000824521 0.121862
660 3.25 60.4656 0.00141881 0.121655
670 3.3 60.4444 -0.000791057 0.121494
680 3.35 60.4337 -0.000111589 0.121592
690 3.4 60.4409 -0.00127798 0.121127
700 3.45 60.4216 0.000709189 0.121619
710 3.5 60.4083 0.00136309 0.12153
720 3.55 60.4198 0.000371064 0.121238
730 3.6 60.3981 0.00247755 0.121577
740 3.65 60.391 0.000919971 0.121128
750 3.7 60.3996 0.000457648 0.121072
760 3.75 60.3826 0.00128369 0.12117
770 3.8 60.3729 -1.35141e-05 0.120851
780 3.85 60.3836 0.00426486 0.120872
790 3.9 60.3658 0.000590082 0.12107
800 3.95 60.3579 0.00151237 0.120806
810 4 60.3683 0.000294351 0.120781
820 4.05 60.3514 0.00193629 0.120887
830 4.1 60.3432 -3.99041e-05 0.12066
840 4.15 60.3555 6.62e-05 0.120592
850 4.2 60.3366 0.00230169 0.1209
860 4.25 60.3319 -0.0034537 0.120419
870 4.3 60.3424 0.000448356 0.120604
880 4.35 60.3267 0.00114901 0.120776
890 4.4 60.3194 0.000132895 0.120443
900 4.45 60.3328 -0.000141654 0.120347
910 4.5 60.3157 0.000780322 0.120637
920 4.55 60.3104 -0.000245736 0.1203
930 4.6 60.3221 0.000422766 0.120374
940 4.65 60.3078 0.000509658 0.120415
950 4.7 60.3007 1.30601e-05 0.120345
960 4.75 60.3144 0.000201593 0.120221
970 4.8 60.2983 0.00100665 0.120449
980 4.85 60.2932 -0.000158647 0.120126
990 4.9 60.3052 0.00208432 0.12026
1000 4.95 60.291 0.000605585 0.120346
1010 5 60.2845 0.000100768 0.120151
1020 5.05 60.2987 0.000151495 0.120067
1030 5.1 60.2828 0.000910211 0.120307
1040 5.15 60.2783 -0.000170081 0.120008
1050 5.2 60.2911 0.000391068 0.120068
1060 5.25 60.277 0.00062522 0.120162
1070 5.3 60.2706 0.00138677 0.120045
1080 5.35 60.2851 0.000347772 0.119956
1090 5.4 60.2698 0.000885324 0.120218
1100 5.45 60.2657 -0.000256699 0.119867
1110 5.5 60.2784 0.00035653 0.120007
1120 5.55 60.2648 0.000533653 0.120077
1130 5.6 60.259 7.54489e-05 0.11989
1140 5.65 60.2736 -0.000728014 0.119883
1150 5.7 60.2581 0.00116514 0.120109
1160 5.75 60.2543 -0.00121143 0.119815
1170 5.8 60.2679 -0.000867532 0.12009
1180 5.85 60.2542 -0.00084347 0.119999
1190 5.9 60.2491 0.0017834 0.119615
1200 5.95 60.2632 -0.000741568 0.119804
1210 6 60.2491 0.000294362 0.120081
1220 6.05 60.2445 -0.0010391 0.119741
1230 6.1 60.2582 0.00161533 0.119689
1240 6.15 60.2445 -0.000526487 0.119928
1250 6.2 60.2396 -0.00149248 0.119856
1260 6.25 60.254 -0.00120697 0.119701
1270 6.3 60.2395 0.000628123 0.119976
1280 6.35 60.2356 -0.0011349 0.119664
1290 6.4 60.2494 0.000296127 0.119774
1300 6.45 60.2361 -0.000500809 0.119878
1310 6.5 60.2305 0.000981262 0.119686
1320 6.55 60.246 -0.000704294 0.119677
1330 6.6 60.231 0.00241504 0.119889
1340 6.65 60.2283 -0.000916852 0.119591
1350 6.7 60.2417 0.00018771 0.119668
1360 6.75 60.2289 -0.000691311 0.11977
1370 6.8 60.2234 -3.50691e-05 0.119651
1380 6.85 60.2395 -0.00237888 0.119743
1390 6.9 60.2242 0.000866387 0.119849
1400 6.95 60.222 0.000549424 0.119327
1410 7 60.2348 0.000385697 0.11966
1420 7.05 60.2234 -0.00103613 0.119806
1430 7.1 60.2171 9.28712e-05 0.119649
1440 7.15 60.2333 0.000411728 0.119438
1450 7.2 60.2181 0.000949436 0.119807
1460 7.25 60.2157 -0.00270914 0.119661
1470 7.3 60.229 0.000412615 0.119615
1480 7.35 60.2171 -0.000708633 0.119727
1490 7.4 60.2116 3.41971e-05 0.119563
1500 7.45 60.2278 -0.00106134 0.119547
1510 7.5 60.2133 0.00087779 0.11974
1520 7.55 60.2102 -0.00011539 0.119411
1530 7.6 60.2242 0.000473564 0.119547
1540 7.65 60.2116 0.00056101 0.119669
1550 7.7 60.2069 0.000493682 0.119552
1560 7.75 60.2227 -0.000880358 0.119476
1570 7.8 60.2088 -0.0007785 0.119872
1580 7.85 60.2055 -0.00261775 0.119454
1590 7.9 60.2204 0.00210587 0.119279
1600 7.95 60.2071 -0.000395371 0.119656
1610 8 60.2031 0.00186571 0.11927
1620 8.05 60.2183 -0.000746056 0.119485
1630 8.1 60.205 0.000802397 0.119634
1640 8.15 60.2014 -0.00113642 0.119418
1650 8.2 60.2165 -0.000162695 0.119578
1660 8.25 60.2034 -0.000484023 0.119631
1670 8.3 60.1993 0.00129216 0.119354
1680 8.35 60.2147 -0.000787302 0.119442
1690 8.4 60.2012 -0.000781489 0.119834
1700 8.45 60.1981 -0.00115349 0.119414
1710 8.5 60.2128 0.000309397 0.119473
1720 8.55 60.2003 -0.000556193 0.119602
1730 8.6 60.1959 -4.3091e-06 0.119522
1740 8.65 60.2117 -0.000933707 0.119433
1750 8.7 60.198 0.000796238 0.119726
1760 8.75 60.1953 -0.00110036 0.119383
1770 8.8 60.2096 0.000325265 0.119463
1780 8.85 60.1978 -0.000274832 0.119557
1790 8.9 60.1931 7.4781e-05 0.119433
1800 8.95 60.2094 -0.00112412 0.119375
1810 9 60.1953 0.000728029 0.11965
1820 9.05 60.1934 -0.00268136 0.1195
1830 9.1 60.2072 0.000271087 0.119464
1840 9.15 60.1961 0.00125723 0.119351
1850 9.2 60.1908 2.18029e-05 0.119421
1860 9.25 60.208 -0.00140508 0.119443
1870 9.3 60.1932 0.000606237 0.119633
1880 9.35 60.1913 0.000164347 0.119226
1890 9.4 60.2052 0.000386749 0.119459
1900 9.45 60.1939 -0.00212073 0.119725
1910 9.5 60.189 -0.000118153 0.119401
1920 9.55 60.2058 -0.000905422 0.119357
1930 9.6 60.1915 0.000632299 0.119613
1940 9.65 60.1894 -0.00118249 0.119399
1950 9.7 60.2035 0.000449807 0.119453
1960 9.75 60.1921 -0.000516331 0.119608
1970 9.8 60.1875 0.000146447 0.119404
1980 9.85 60.2038 -0.000867238 0.119365
1990 9.9 60.1902 0.000845937 0.119565
2000 9.95 60.1879 -0.00128896 0.119317
