0 0 0 0.000267871 0.0010643
10 0.0115427 261.138 1.08509 0.254971
20 0.0319084 190.621 0.981639 0.204769
30 0.0555556 156.733 0.984772 0.193661
40 0.0850427 132.729 0.98718 0.188194
50 0.115625 120.91 0.989489 0.181994
60 0.146875 108.647 1.00747 0.181934
70 0.178125 101.843 1.01681 0.179657
80 0.209375 98.1346 1.03808 0.182329
90 0.240625 93.3871 1.04453 0.179786
100 0.271875 89.2096 1.06567 0.18363
110 0.303125 85.4974 1.07665 0.181232
120 0.334375 82.5604 1.08916 0.182697
130 0.365625 78.3774 1.10506 0.183442
140 0.396875 77.4475 1.1161 0.182313
150 0.428125 75.1731 1.13013 0.185488
160 0.459375 73.967 1.13744 0.183928
170 0.490625 72.0548 1.15398 0.186624
180 0.521875 70.325 1.16487 0.187081
190 0.553125 68.925 1.17652 0.188221
200 0.584375 68.6123 1.19089 0.19023
210 0.615625 69.1199 1.20049 0.190994
220 0.646875 69.6101 1.21521 0.191962
230 0.678125 70.0966 1.22405 0.193354
240 0.706055 72.8044 1.24672 0.197404
250 0.735352 70.3433 1.24637 0.196926
260 0.764706 70.7739 1.25339 0.196562
270 0.794118 71.1579 1.26266 0.198085
280 0.823529 71.5409 1.27465 0.200729
290 0.852941 71.9126 1.28865 0.202695
300 0.882353 72.2768 1.29442 0.204118
310 0.911765 72.6326 1.30912 0.207472
320 0.941176 72.9772 1.31999 0.209506
330 0.970588 73.3154 1.32686 0.209835
340 1 73.6431 1.33499 0.212525
350 1.02941 73.9592 1.34416 0.214706
360 1.05882 74.2676 1.3524 0.216622
370 1.08824 74.561 1.36359 0.21929
380 1.11765 74.8435 1.37006 0.22154
390 1.14706 75.1141 1.3774 0.223682
400 1.17647 75.3607 1.38838 0.226913
410 1.20588 75.6123 1.3961 0.229668
420 1.23529 75.8438 1.40609 0.233414
430 1.26471 76.0539 1.4108 0.234968
440 1.29412 76.2601 1.41719 0.237704
450 1.32353 76.4549 1.42491 0.242003
460 1.35294 76.6292 1.43556 0.245729
470 1.38235 76.7855 1.44472 0.250289
480 1.41176 76.9103 1.44722 0.25226
490 1.44118 77.0213 1.45817 0.257358
500 1.47059 77.1444 1.46556 0.260598
510 1.5 77.2584 1.47061 0.264445
520 1.52941 77.3626 1.47896 0.269353
530 1.55882 77.4538 1.48268 0.272737
540 1.58824 77.5346 1.49042 0.277446
550 1.61765 77.6039 1.50134 0.283267
560 1.64706 77.6678 1.5068 0.28727
570 1.67647 77.7144 1.51491 0.293148
580 1.70588 77.755 1.51988 0.297033
590 1.73529 77.7801 1.52871 0.30321
600 1.76471 77.7965 1.53496 0.308337
610 1.79412 77.7956 1.54054 0.314179
620 1.82353 77.7782 1.55077 0.319988
630 1.85294 77.751 1.55668 0.326229
640 1.88235 77.7047 1.56372 0.332315
650 1.91176 77.6527 1.57175 0.338718
660 1.93941 78.2059 1.57329 0.343896
670 1.96667 77.9437 1.58908 0.351501
680 1.99444 77.8199 1.59693 0.35843
690 2.02222 77.7166 1.59958 0.364192
700 2.05 77.6161 1.60802 0.371292
710 2.07778 77.5034 1.61998 0.377899
720 2.10556 77.3824 1.62159 0.38373
730 2.13333 77.255 1.6285 0.39133
740 2.16053 79.8959 1.63835 0.397734
750 2.18684 83.0204 1.63633 0.402654
760 2.21316 86.1624 1.63552 0.406686
770 2.23947 89.7896 1.63212 0.410998
780 2.26579 94.2837 1.62881 0.413734
790 2.29211 99.3963 1.6258 0.417475
800 2.31842 105.797 1.61646 0.418074
810 2.34474 110.687 1.6152 0.42201
820 2.3675 111.6 1.60105 0.421773
830 2.3925 107.158 1.6058 0.427044
840 2.4175 98.6659 1.62253 0.435987
850 2.4425 94.3436 1.63455 0.444544
860 2.4675 92.2693 1.66429 0.458563
870 2.4925 90.278 1.68746 0.47122
880 2.5175 87.2396 1.71751 0.485848
890 2.54083 84.7642 1.7362 0.493382
900 2.56429 83.137 1.74412 0.502119
910 2.5881 79.3355 1.74785 0.509421
920 2.6119 78.3636 1.76633 0.517954
930 2.63571 77.0998 1.79046 0.529658
940 2.65952 74.3204 1.81095 0.540552
950 2.68333 74.2269 1.83351 0.552468
960 2.70714 74.3714 1.84762 0.560697
970 2.73095 74.7632 1.85879 0.568609
980 2.75476 75.8197 1.8768 0.577705
990 2.77857 75.544 1.88609 0.585066
1000 2.80238 75.6328 1.90397 0.594568
1010 2.82512 75.3636 1.91473 0.602449
1020 2.84774 75.6385 1.92757 0.610744
1030 2.87045 77.196 1.93929 0.617445
1040 2.89318 77.1329 1.9494 0.624495
1050 2.91591 77.6997 1.96127 0.632433
1060 2.93864 78.0237 1.96876 0.638024
1070 2.96136 78.3819 1.98182 0.645857
1080 2.98409 78.4161 1.98951 0.652136
