0 0 0 2.4573e-05 0.000139915
10 0.0142339 163.699 0.772354 0.118206
20 0.0395489 122.708 0.541773 0.061803
30 0.07 97.7406 0.546607 0.058221
40 0.103846 84.9109 0.552115 0.0568022
50 0.142308 77.6246 0.573963 0.057758
60 0.180769 70.5263 0.58521 0.0572842
70 0.219231 67.0587 0.603919 0.059237
80 0.257692 62.4662 0.61343 0.0586773
90 0.296154 58.4833 0.617705 0.0568873
100 0.334615 56.283 0.631648 0.0569865
110 0.373077 53.9512 0.645371 0.0591582
120 0.411538 52.4662 0.65539 0.0594949
130 0.45 50.7734 0.666379 0.0597641
140 0.488462 49.3978 0.677177 0.0601632
150 0.526923 47.7038 0.687154 0.060356
160 0.565385 46.8961 0.694585 0.0602908
170 0.603846 45.2571 0.701292 0.0596187
180 0.642308 44.2875 0.712154 0.060723
190 0.678571 43.0072 0.720334 0.0608271
200 0.714286 42.7455 0.72616 0.0607394
210 0.75 42.0838 0.733823 0.0609574
220 0.785714 41.3506 0.741572 0.0612414
230 0.821429 41.0582 0.747422 0.0609673
240 0.857143 40.2742 0.754641 0.0611208
250 0.892857 39.1278 0.762097 0.0613475
260 0.928571 38.7438 0.767759 0.0614431
270 0.964286 38.3864 0.775115 0.0615898
280 1 37.796 0.778432 0.060964
290 1.03571 37.4506 0.782023 0.0604902
300 1.07143 37.2452 0.78327 0.05967
310 1.10714 36.7529 0.789231 0.059657
320 1.14286 35.9959 0.7928 0.0593282
330 1.17857 35.9241 0.795664 0.0587574
340 1.21429 35.5564 0.797591 0.0580814
350 1.25 34.9239 0.804795 0.0584778
360 1.28571 35.6032 0.805648 0.0575901
370 1.32143 36.2259 0.810584 0.0575006
380 1.35714 36.7889 0.813429 0.0570714
390 1.39286 37.3033 0.817112 0.0568286
400 1.42857 37.804 0.819958 0.0562833
410 1.46429 38.2585 0.823254 0.0564878
420 1.5 38.7114 0.826603 0.0560939
430 1.53571 39.1505 0.831173 0.056207
440 1.57143 39.5957 0.832979 0.0556226
450 1.60714 40.0422 0.834997 0.0549776
460 1.64286 40.4626 0.839298 0.0553844
470 1.67857 40.857 0.841294 0.0552513
480 1.71071 41.0679 0.844116 0.0544359
490 1.74365 41.4476 0.845631 0.0539854
500 1.77679 41.778 0.84709 0.0533303
510 1.8102 42.1199 0.845693 0.0512918
520 1.84337 42.4479 0.854697 0.0535848
530 1.87667 42.8123 0.855785 0.0532344
540 1.91 43.1698 0.858748 0.052719
550 1.94333 43.5273 0.860784 0.0532725
560 1.97667 43.8862 0.861761 0.0522027
570 2.01 44.2196 0.866137 0.0528059
580 2.04333 44.5522 0.866423 0.0518591
590 2.07667 44.8882 0.870034 0.0527181
600 2.11 45.2139 0.871721 0.0515869
610 2.14333 45.5546 0.874475 0.0524131
620 2.17667 45.9032 0.874345 0.0509564
630 2.21 46.2504 0.87722 0.0508736
640 2.24333 46.5902 0.879029 0.0511346
650 2.27667 46.951 0.879775 0.0505158
660 2.31 47.3052 0.881966 0.0506238
670 2.34333 47.6709 0.883763 0.0506018
680 2.37667 48.0155 0.885391 0.050067
690 2.41 48.3723 0.885076 0.0495657
700 2.44333 48.7409 0.891687 0.0501909
710 2.47667 49.1122 0.888853 0.049206
720 2.51 49.491 0.891237 0.0491274
730 2.54333 49.8562 0.889665 0.0483292
740 2.57667 50.2391 0.892504 0.0485748
750 2.61 50.6679 0.895374 0.0488684
760 2.64333 51.0203 0.896151 0.0479131
770 2.67667 51.3461 0.895822 0.0479641
780 2.71 51.6647 0.900221 0.0477326
790 2.74333 51.9619 0.900927 0.0478205
800 2.77667 52.2244 0.897486 0.0460509
810 2.81 52.4404 0.89916 0.0467598
820 2.84333 52.6473 0.901474 0.0467567
830 2.87667 52.8532 0.90314 0.0469012
840 2.91 53.0319 0.900357 0.0464934
850 2.94333 53.2061 0.905983 0.0468534
860 2.97667 53.3593 0.905077 0.0462159
870 3.01 53.52 0.904729 0.0457893
880 3.04333 53.6479 0.90377 0.0453405
890 3.07667 53.7659 0.905033 0.045255
900 3.11 53.8196 0.904325 0.0445892
910 3.14333 53.953 0.907006 0.0443986
920 3.17667 54.5314 0.912041 0.0455177
930 3.21 55.2657 0.911048 0.0449226
940 3.24333 56.0252 0.912227 0.0446488
950 3.27667 56.7511 0.908792 0.044432
960 3.31 57.4867 0.906577 0.0431438
970 3.34333 58.2062 0.913171 0.0442512
980 3.37667 58.952 0.910759 0.0435551
990 3.41 59.8969 0.91294 0.0437503
1000 3.44333 60.8405 0.913896 0.0435607
1010 3.47667 61.3307 0.913635 0.0433116
1020 3.51 61.5976 0.914441 0.0431741
1030 3.54333 62.0732 0.919354 0.0434495
1040 3.57667 63.061 0.915566 0.0429114
1050 3.61 64.0477 0.917837 0.0437106
1060 3.64333 64.6342 0.913303 0.0416052
1070 3.67667 64.6939 0.915804 0.0421356
1080 3.71 64.8879 0.917239 0.0424584
1090 3.74333 65.7569 0.917441 0.0421328
1100 3.77667 66.933 0.916577 0.0419349
1110 3.80667 67.6038 0.917914 0.0388329
1120 3.83857 68.1664 0.9237 0.0436625
1130 3.87 68.4154 0.915948 0.0409817
1140 3.9 68.7334 0.917399 0.0401422
1150 3.93154 69.3726 0.914187 0.0404112
1160 3.96286 70.0882 0.907267 0.0396219
1170 3.99381 70.673 0.914124 0.0407251
1180 4.02511 71.1984 0.914985 0.0406661
1190 4.05644 71.6778 0.919552 0.03945
1200 4.08756 72.1282 0.911854 0.0392541
1210 4.11889 72.742 0.91383 0.0392846
1220 4.15 73.3363 0.912433 0.0389119
1230 4.18133 73.9364 0.909276 0.0386476
1240 4.2125 74.5241 0.913022 0.0390881
1250 4.24375 75.1259 0.917014 0.039588
1260 4.275 75.7434 0.910757 0.0381876
1270 4.30625 76.3888 0.910814 0.038672
1280 4.3375 77.0278 0.910084 0.0382982
1290 4.36875 77.6525 0.908623 0.0379152
1300 4.4 78.2578 0.907918 0.0377122
1310 4.43125 78.8353 0.909042 0.0378156
1320 4.4625 79.4058 0.910236 0.0374576
1330 4.49375 79.974 0.906273 0.0371055
1340 4.525 80.549 0.906809 0.0373653
1350 4.55625 81.0736 0.903871 0.0373114
1360 4.5875 81.6312 0.904628 0.0369325
1370 4.61875 82.2336 0.904369 0.0369956
1380 4.65 82.8785 0.900422 0.0356619
1390 4.68125 83.4474 0.901795 0.0363636
1400 4.7125 83.9277 0.900385 0.0363618
1410 4.74375 84.1802 0.905187 0.0370413
1420 4.775 84.3766 0.899137 0.0361708
1430 4.80625 84.8422 0.898566 0.0357178
1440 4.8375 85.7867 0.894809 0.0351957
1450 4.86875 87.0432 0.895296 0.0355011
1460 4.9 88.271 0.894739 0.0350161
1470 4.93125 89.0098 0.891752 0.0347696
1480 4.9625 88.8943 0.893121 0.034858
1490 4.99375 87.8084 0.887328 0.0342457
1500 5.025 86.1776 0.887746 0.0344328
1510 5.05625 85.9103 0.887743 0.0344188
1520 5.0875 87.5291 0.885481 0.0338837
1530 5.11875 91.4869 0.884392 0.0337812
1540 5.15 95.7875 0.88315 0.034583
1550 5.18125 97.801 0.881811 0.0344453
1560 5.2125 95.6559 0.882891 0.0344663
1570 5.24375 87.6809 0.884326 0.0346211
1580 5.275 86.9484 0.88801 0.0353176
1590 5.30625 86.7098 0.890269 0.0364196
1600 5.3375 82.6752 0.889905 0.0361211
1610 5.36875 90.3448 0.891416 0.0369849
1620 5.4 103.229 0.891313 0.0375054
1630 5.43125 106.753 0.890221 0.0375132
1640 5.4625 96.6814 0.889254 0.037277
1650 5.49375 91.4371 0.897187 0.038932
1660 5.525 88.3773 0.904098 0.041084
1670 5.55625 86.6393 0.908662 0.0413941
1680 5.5875 82.7813 0.90365 0.0406825
1690 5.61875 95.1257 0.90259 0.0412618
1700 5.65 107.202 0.901751 0.040641
1710 5.68125 104.895 0.900176 0.0402049
1720 5.7125 96.2984 0.90114 0.0406583
1730 5.74375 91.32 0.905238 0.0400583
1740 5.775 88.1124 0.913462 0.0424463
1750 5.80625 84.9437 0.914373 0.0428342
1760 5.8375 84.003 0.911672 0.0420411
1770 5.86875 101.012 0.907277 0.0413691
1780 5.9 108.935 0.902502 0.0405917
1790 5.93125 100.757 0.900377 0.0409375
1800 5.9625 93.8552 0.903272 0.0398432
1810 5.99375 87.77 0.910837 0.0418042
1820 6.025 87.2146 0.91488 0.0439255
1830 6.05625 86.6126 0.913149 0.0425083
1840 6.0875 89.9246 0.911608 0.0425647
1850 6.11875 105.021 0.90708 0.041261
1860 6.15 108.279 0.905196 0.040301
1870 6.18125 97.3751 0.902251 0.0409094
1880 6.2125 90.9933 0.90361 0.0412572
1890 6.24375 88.5507 0.912465 0.042365
1900 6.275 89.5478 0.91706 0.0431442
1910 6.30625 83.9002 0.91181 0.0419787
1920 6.3375 93.5266 0.908545 0.0422083
1930 6.36875 106.953 0.907138 0.0414318
1940 6.4 107.209 0.903636 0.0406286
1950 6.43125 97.5442 0.90179 0.0402342
1960 6.4625 91.1868 0.906132 0.041336
1970 6.49375 90.6131 0.908584 0.0416662
1980 6.525 89.6658 0.915181 0.0429991
1990 6.55625 84.7059 0.910349 0.0411517
2000 6.5875 95.0109 0.907934 0.0413392
2010 6.61875 107.36 0.904984 0.0407725
2020 6.65 106.332 0.905067 0.0412416
2030 6.68125 97.444 0.901502 0.0401704
2040 6.7125 91.5426 0.907327 0.0411103
2050 6.74375 91.1688 0.91404 0.0434001
2060 6.775 89.1493 0.917168 0.0437156
2070 6.80625 84.9505 0.910881 0.0418531
2080 6.8375 95.4879 0.907914 0.0414106
2090 6.86875 106.891 0.904674 0.0409606
2100 6.9 105.615 0.905039 0.0412074
2110 6.93125 97.344 0.903759 0.0411462
2120 6.9625 91.7973 0.904786 0.0401928
2130 6.99375 91.1706 0.909231 0.0416766
2140 7.025 88.8928 0.914649 0.0426988
2150 7.05625 85.0074 0.907841 0.0413391
2160 7.0875 95.5306 0.907911 0.0414391
2170 7.11875 106.595 0.904365 0.0409822
2180 7.15 105.511 0.902034 0.0404222
2190 7.18125 97.3185 0.901627 0.040881
2200 7.2125 91.8446 0.906 0.0410642
2210 7.24375 91.2606 0.909563 0.041703
2220 7.275 89.6478 0.911552 0.0427129
2230 7.30625 84.7889 0.911887 0.0420165
2240 7.3375 94.2956 0.903326 0.0402347
2250 7.36875 106.038 0.905494 0.0412833
2260 7.4 106.562 0.90139 0.0408905
2270 7.43125 97.7574 0.90001 0.0404983
2280 7.4625 91.7767 0.903988 0.0412051
2290 7.49375 90.6036 0.9095 0.0421552
2300 7.525 90.5568 0.908376 0.041517
2310 7.55625 84.7069 0.907913 0.0416122
2320 7.5875 91.1943 0.906199 0.0419869
2330 7.61875 104.361 0.905713 0.041653
2340 7.65 108.041 0.903192 0.0413631
2350 7.68125 98.6945 0.898688 0.0408998
2360 7.7125 92.8749 0.896578 0.0396772
2370 7.74375 90.4077 0.902694 0.0412549
2380 7.775 89.0337 0.909386 0.0428109
2390 7.80625 87.6492 0.906163 0.0421674
2400 7.8375 86.3955 0.906341 0.041797
2410 7.86875 101.103 0.907085 0.042092
2420 7.9 108.436 0.898165 0.0404746
2430 7.93125 102.688 0.899287 0.0409507
2440 7.9625 96.3416 0.895177 0.0402429
2450 7.99375 91.7999 0.901089 0.0410872
2460 8.025 92.8055 0.906445 0.0424907
2470 8.05625 86.9219 0.909715 0.0428471
2480 8.0875 84.2475 0.903238 0.0409189
2490 8.11875 96.1801 0.903213 0.0414296
2500 8.15 106.64 0.897974 0.0406778
2510 8.18125 106.24 0.898394 0.0408016
2520 8.2125 97.9423 0.900269 0.0414028
2530 8.24375 91.7896 0.90146 0.0414505
2540 8.275 91.5268 0.901933 0.0415181
2550 8.30625 90.9157 0.905719 0.0424724
2560 8.3375 85.1531 0.905381 0.0421164
2570 8.36875 89.2506 0.90386 0.0419016
2580 8.4 102.487 0.903375 0.0422376
2590 8.43125 108.116 0.90135 0.041493
2600 8.4625 100.974 0.894297 0.0404753
2610 8.49375 95.2826 0.895663 0.0405255
2620 8.525 92.2625 0.898934 0.0406277
2630 8.55625 92.3013 0.901936 0.0423686
2640 8.5875 86.9227 0.90498 0.0423516
2650 8.61875 83.0912 0.90315 0.0418589
2660 8.65 96.3919 0.89957 0.0410472
2670 8.68125 106.168 0.898571 0.0407833
2680 8.7125 105.702 0.899121 0.0416575
2690 8.74375 97.9206 0.89254 0.0409391
2700 8.775 91.9637 0.895915 0.0409731
2710 8.80625 91.6215 0.901644 0.0421475
2720 8.8375 90.9275 0.902969 0.0414418
2730 8.86875 85.347 0.903552 0.0421101
2740 8.9 88.0375 0.900432 0.0421709
2750 8.93125 100.853 0.901377 0.0419698
2760 8.9625 106.987 0.899129 0.0414693
2770 8.99375 101.575 0.896886 0.0415879
2780 9.025 95.9212 0.890709 0.03945
2790 9.05625 91.7395 0.894327 0.0407009
2800 9.0875 92.9933 0.901035 0.0425442
2810 9.11875 87.2147 0.902249 0.0427432
2820 9.15 83.7617 0.899272 0.0413313
2830 9.18125 93.7467 0.899954 0.0419353
2840 9.2125 103.972 0.895657 0.0401276
2850 9.24375 105.683 0.896587 0.0416416
2860 9.275 97.5479 0.892434 0.0406536
2870 9.30625 92.0256 0.894494 0.0399753
2880 9.3375 89.4585 0.898126 0.0414322
2890 9.36875 89.9042 0.899885 0.0419962
2900 9.4 87.263 0.894381 0.0404383
2910 9.43125 84.9064 0.89767 0.0415982
2920 9.4625 97.7429 0.897939 0.0419261
2930 9.49375 105.286 0.897207 0.0407521
2940 9.525 102.868 0.896356 0.0418041
2950 9.55625 96.8366 0.891919 0.0407429
2960 9.5875 92.0198 0.891413 0.0397594
2970 9.61875 92.7437 0.896634 0.0413707
2980 9.65 90.4701 0.897427 0.0420789
2990 9.68125 83.3704 0.896158 0.0415114
3000 9.7125 89.9158 0.897134 0.0415583
3010 9.74375 100.805 0.899891 0.0422272
3020 9.775 105.203 0.897959 0.0408502
3030 9.80625 99.4125 0.892265 0.0412972
3040 9.8375 94.3216 0.891836 0.0408728
3050 9.86875 90.4422 0.893216 0.0406607
3060 9.9 91.7255 0.89702 0.0418421
3070 9.93125 86.9071 0.894905 0.0415944
