0 0 0 2.28102e-05 0.000139888
10 0.0148241 149.06 1.06107 0.168213
20 0.0415818 112.602 0.594149 0.0697262
30 0.0745455 89.2348 0.522598 0.0526897
40 0.111538 77.4961 0.526049 0.0501656
50 0.15 71.7032 0.538578 0.0499681
60 0.188462 66.4407 0.553858 0.0501685
70 0.226923 62.0804 0.561102 0.0507324
80 0.265385 58.3895 0.573457 0.0509413
90 0.303846 55.9403 0.58636 0.0509057
100 0.342308 52.8987 0.59298 0.0510543
110 0.380769 50.3546 0.610988 0.0530637
120 0.419231 49.6031 0.616751 0.0521756
130 0.457692 47.3375 0.62186 0.0511507
140 0.496154 46.785 0.635859 0.05287
150 0.534615 44.9192 0.64282 0.0521967
160 0.573077 44.2784 0.650418 0.0525769
170 0.611538 43.1586 0.65633 0.0519416
180 0.65 41.7344 0.666862 0.0527951
190 0.688462 41.1962 0.673679 0.0530411
200 0.726923 40.0891 0.680231 0.05298
210 0.765385 38.9641 0.688542 0.0533511
220 0.803846 38.9577 0.695175 0.053214
230 0.842308 38.4156 0.702963 0.0536273
240 0.880769 37.5389 0.709194 0.0533564
250 0.919231 37.3165 0.715013 0.0531413
260 0.957692 36.5766 0.721641 0.0532798
270 0.996154 35.6835 0.727237 0.05344
280 1.03462 35.295 0.731172 0.0531384
290 1.07308 34.8939 0.736503 0.0527134
300 1.11154 34.482 0.737517 0.0516452
310 1.1467 34.1288 0.744265 0.0520885
320 1.18225 34.0234 0.7481 0.0519462
330 1.21786 33.6116 0.747077 0.0508693
340 1.25357 32.9886 0.751867 0.050442
350 1.28929 32.929 0.759836 0.0510925
360 1.325 32.8027 0.760102 0.050682
370 1.36071 33.2313 0.762083 0.04991
380 1.39643 33.6293 0.766916 0.0496178
390 1.43214 33.9998 0.770923 0.0493349
400 1.46786 34.3597 0.773221 0.0493117
410 1.50357 34.7255 0.776139 0.0493008
420 1.53929 35.0687 0.779163 0.0488267
430 1.575 35.397 0.784455 0.0494603
440 1.61071 35.7221 0.784836 0.0484029
450 1.64643 36.0464 0.789689 0.0484188
460 1.68214 36.3632 0.792702 0.0485711
470 1.71786 36.6611 0.7939 0.048548
480 1.75357 36.9679 0.796765 0.0478251
490 1.78929 37.2846 0.798511 0.0477524
500 1.825 37.5889 0.804988 0.0477568
510 1.86071 37.8853 0.806841 0.0480063
520 1.89643 38.1971 0.808276 0.0472246
530 1.93214 38.512 0.806061 0.0458634
540 1.96786 38.8086 0.8139 0.0473721
550 2.00357 39.1231 0.81568 0.0465905
560 2.03929 39.47 0.815249 0.0457535
570 2.075 39.8129 0.819755 0.0460778
580 2.11071 40.1442 0.822169 0.0461315
590 2.14643 40.4432 0.824194 0.0459697
600 2.18214 40.7139 0.82532 0.0453272
610 2.21786 40.9767 0.829529 0.0455939
620 2.25357 41.2291 0.831257 0.0456459
630 2.28929 41.5078 0.83073 0.0445912
640 2.325 41.8029 0.834108 0.0446397
650 2.36071 42.0944 0.836426 0.0447914
660 2.39643 42.4025 0.837512 0.0440901
670 2.43214 42.6942 0.837506 0.0431777
680 2.46786 43.0017 0.840261 0.0440809
690 2.50357 43.2704 0.843843 0.0441914
700 2.53929 43.5485 0.84202 0.0419178
710 2.575 43.8358 0.846092 0.0431689
720 2.60714 43.9739 0.853252 0.0438645
730 2.64062 44.2927 0.846071 0.0417773
740 2.67381 44.5387 0.85189 0.0431144
750 2.70689 44.8346 0.876879 0.0469343
760 2.74005 45.0862 0.850804 0.0424231
770 2.77347 45.3693 0.852595 0.0419022
780 2.80667 45.6549 0.856695 0.0424683
790 2.84 45.9592 0.856012 0.0417989
800 2.87333 46.2136 0.858565 0.0416068
810 2.90667 46.4768 0.856354 0.040504
820 2.94 46.7453 0.859932 0.0415805
830 2.97333 47.0085 0.861061 0.0407815
840 3.00667 47.2865 0.861604 0.0411417
850 3.04 47.5561 0.862015 0.0405255
860 3.07333 47.8271 0.865899 0.0406159
870 3.10667 48.1095 0.864014 0.0402575
880 3.14 48.3874 0.864731 0.0402777
890 3.17333 48.6797 0.8654 0.0396603
900 3.20667 48.9626 0.867119 0.0394465
910 3.24 49.2421 0.864907 0.0389927
920 3.27333 49.5207 0.867759 0.0390223
930 3.30667 49.8025 0.869496 0.039848
940 3.34 50.0926 0.870566 0.0391087
950 3.37333 50.3732 0.870468 0.0385205
960 3.40667 50.6513 0.871327 0.0388393
970 3.44 50.9298 0.870354 0.0369351
980 3.47333 51.201 0.872181 0.0379325
990 3.50667 51.4911 0.871884 0.0376939
1000 3.54 51.7853 0.8729 0.0379224
1010 3.57333 52.0998 0.872849 0.0376028
1020 3.60667 52.4096 0.874855 0.0376918
1030 3.64 52.695 0.875906 0.0374997
1040 3.67333 52.9441 0.873763 0.0367842
1050 3.70667 53.1518 0.872966 0.0364958
1060 3.74 53.3347 0.873979 0.0361039
1070 3.77333 53.4947 0.874937 0.0361591
1080 3.80667 53.6421 0.875307 0.0361731
1090 3.84 53.7781 0.876479 0.0360894
1100 3.87333 53.9153 0.875933 0.0352822
1110 3.90667 54.0472 0.877128 0.0356094
1120 3.94 54.1659 0.877342 0.0358807
1130 3.97333 54.2853 0.876487 0.0346348
1140 4.00667 54.3949 0.87947 0.0358496
1150 4.04 54.5064 0.878741 0.0354259
1160 4.07333 54.5998 0.881375 0.0351694
1170 4.10667 54.8247 0.879175 0.0354327
1180 4.14 55.0726 0.886011 0.0359483
1190 4.17333 55.3123 0.87888 0.0343367
1200 4.20667 55.528 0.88047 0.0342848
1210 4.24 55.7459 0.879902 0.0343737
1220 4.27333 55.9338 0.881491 0.0341959
1230 4.30667 56.141 0.879558 0.0339026
1240 4.34 56.3462 0.880535 0.0345673
1250 4.37333 56.5507 0.882544 0.0342618
1260 4.40667 56.7413 0.883677 0.0346796
1270 4.44 56.8816 0.881338 0.0336726
1280 4.47333 56.9758 0.880873 0.0333572
1290 4.50667 57.0571 0.88089 0.0331897
1300 4.54 57.1258 0.882201 0.0333804
1310 4.57333 57.1947 0.881264 0.0332011
1320 4.60667 57.3994 0.881018 0.0333447
1330 4.64 57.6998 0.881255 0.0327681
1340 4.67333 58.0134 0.882902 0.0329564
1350 4.70667 58.7043 0.881579 0.0324279
1360 4.74 59.4623 0.877673 0.032256
1370 4.77333 60.0965 0.88015 0.0328361
1380 4.80667 60.3579 0.880964 0.0322272
1390 4.84 60.4778 0.879223 0.0319946
1400 4.87333 60.8056 0.879624 0.0320084
1410 4.90667 61.3501 0.878998 0.0318148
1420 4.94 61.9525 0.878093 0.0317049
1430 4.97333 62.3794 0.879633 0.0317645
1440 5.00667 62.5534 0.878456 0.0312171
1450 5.04 62.5736 0.877885 0.0310928
1460 5.07333 62.7135 0.879387 0.0315672
1470 5.10667 63.0972 0.877281 0.0309294
1480 5.14 63.7186 0.877083 0.0306995
1490 5.17333 64.392 0.876603 0.0303754
1500 5.20667 64.9166 0.878631 0.030227
1510 5.24 65.1761 0.875072 0.0306864
1520 5.27333 65.293 0.872712 0.0295887
1530 5.30667 65.5133 0.87305 0.0302573
1540 5.34 65.8955 0.873475 0.0300335
1550 5.37333 66.5244 0.871937 0.0296174
1560 5.40667 67.2095 0.871756 0.0296965
1570 5.44 67.6951 0.87039 0.0293729
1580 5.47333 67.9276 0.87202 0.0299417
1590 5.50667 68.0982 0.868535 0.0285445
1600 5.54 68.5099 0.869377 0.0290364
1610 5.57333 69.1664 0.868809 0.0290717
1620 5.60667 69.7757 0.867893 0.028868
1630 5.64 70.0364 0.867188 0.029181
1640 5.67333 70.1408 0.866294 0.0288615
1650 5.70667 70.5949 0.86821 0.0291037
1660 5.74 71.4239 0.865911 0.0283868
1670 5.77333 72.1582 0.864224 0.0284461
1680 5.80667 72.497 0.861438 0.0276108
1690 5.84 72.3587 0.86288 0.0279445
1700 5.87333 72.3746 0.858498 0.0270823
1710 5.90667 72.76 0.861942 0.0273522
1720 5.94 73.7156 0.858436 0.0276653
1730 5.97333 74.8773 0.859157 0.0278172
1740 6.00667 75.8599 0.861355 0.0280769
1750 6.04 76.3763 0.859125 0.0276293
1760 6.07333 76.2528 0.856021 0.0273176
1770 6.10667 75.6648 0.854766 0.0277246
1780 6.14 75.2954 0.852232 0.0262464
1790 6.17333 75.8304 0.85293 0.0267674
1800 6.20667 77.1002 0.853523 0.0272457
1810 6.24 78.6923 0.851478 0.0267506
1820 6.27333 79.9069 0.85004 0.0270938
1830 6.30667 80.1374 0.851228 0.0271882
1840 6.34 79.0283 0.850302 0.0268888
1850 6.37333 77.2228 0.848663 0.0267622
1860 6.40667 76.2466 0.848194 0.0267373
1870 6.44 77.4083 0.84342 0.0252947
1880 6.47333 79.5866 0.844732 0.0258577
1890 6.50667 81.9238 0.844501 0.0264985
1900 6.54 82.6067 0.846391 0.027181
1910 6.57333 81.9117 0.842744 0.0264571
1920 6.60667 79.0597 0.842432 0.0262291
1930 6.64 77.7763 0.840823 0.0254721
1940 6.67333 77.4004 0.842191 0.0269418
1950 6.70667 78.0741 0.840983 0.0262344
1960 6.74 82.7978 0.840223 0.0261802
1970 6.77333 86.0096 0.8418 0.0268603
1980 6.80667 85.6422 0.841524 0.027018
1990 6.84 81.7277 0.841199 0.0272535
2000 6.87333 81.5864 0.845643 0.0286766
2010 6.90667 81.9093 0.841871 0.0272054
2020 6.94 79.8362 0.845601 0.0285455
2030 6.97333 84.5472 0.843202 0.028102
2040 7.00667 89.8184 0.848346 0.0295508
2050 7.04 86.3977 0.846683 0.0301559
2060 7.07333 85.407 0.849502 0.0295844
2070 7.10667 82.9737 0.853292 0.0310901
2080 7.14 81.3142 0.855426 0.0313689
2090 7.17333 77.6259 0.853559 0.0299034
2100 7.20667 87.5458 0.850281 0.0302174
2110 7.24 89.3485 0.851251 0.0307975
2120 7.27333 85.8117 0.851881 0.0304237
2130 7.30667 84.8342 0.85795 0.0312445
2140 7.34 82.1356 0.85928 0.0321483
2150 7.37333 79.3139 0.855455 0.0312723
2160 7.40667 82.8813 0.855125 0.0308652
2170 7.44 89.1051 0.854294 0.0313123
2180 7.47333 86.3759 0.85557 0.0308727
2190 7.50667 85.2057 0.85918 0.0320546
2200 7.54 82.6205 0.85975 0.031441
2210 7.57333 79.7315 0.856934 0.0313968
2220 7.60667 77.6595 0.857939 0.0316799
2230 7.64 86.7215 0.85636 0.0309029
2240 7.67333 86.5634 0.856595 0.0311186
2250 7.70667 85.0011 0.853691 0.0299721
2260 7.74 84.4227 0.858787 0.0318338
2270 7.77333 80.9557 0.859361 0.0318123
2280 7.80667 76.993 0.857894 0.0318595
2290 7.84 83.4144 0.855152 0.0304874
2300 7.87333 87.2298 0.857907 0.0312967
2310 7.90667 84.9211 0.856295 0.0306954
2320 7.94 83.3722 0.856657 0.030177
2330 7.97333 82.9103 0.861227 0.0317265
2340 8.00667 79.6442 0.858227 0.0313277
2350 8.04 79.4453 0.858293 0.0310952
2360 8.07333 86.2366 0.856519 0.0298707
2370 8.10667 84.5639 0.858882 0.0307684
2380 8.14 84.4606 0.858368 0.030597
2390 8.17333 81.7655 0.864006 0.0322143
2400 8.20667 80.9092 0.860553 0.0315917
2410 8.24 77.424 0.85948 0.03114
2420 8.27333 83.999 0.858883 0.0309036
2430 8.30667 84.9419 0.858977 0.031696
2440 8.34 83.6566 0.861842 0.0319874
2450 8.37333 83.7322 0.862197 0.0317826
2460 8.40667 79.7766 0.860618 0.0308057
2470 8.44 77.6226 0.859417 0.0308988
2480 8.47333 81.1024 0.858921 0.0307648
2490 8.50667 85.3381 0.858155 0.0311295
2500 8.54 83.6523 0.861522 0.0307242
2510 8.57333 82.3423 0.860192 0.0306452
2520 8.60667 82.5014 0.862316 0.0315061
2530 8.64 79.0131 0.862345 0.0311961
2540 8.67333 77.9147 0.860552 0.0306285
2550 8.70667 84.6338 0.859589 0.0307636
2560 8.74 83.4361 0.862839 0.0310574
2570 8.77333 83.8352 0.862823 0.0315542
2580 8.80667 82.1691 0.863564 0.0310179
2590 8.84 81.1528 0.863196 0.0311089
2600 8.87333 77.8899 0.859224 0.0301593
2610 8.90667 82.9986 0.861197 0.0311554
2620 8.94 84.8653 0.861928 0.031397
2630 8.97333 83.2234 0.862442 0.0315526
2640 9.00667 83.6053 0.863068 0.0309482
2650 9.04 81.0893 0.863078 0.0312393
2660 9.07333 78.9901 0.861632 0.0310567
2670 9.10667 80.5649 0.861602 0.0314306
2680 9.14 85.7514 0.858296 0.0298629
2690 9.17333 84.2181 0.862334 0.0312439
2700 9.20667 83.5619 0.863355 0.0315194
2710 9.24 82.5457 0.864513 0.0311728
2720 9.27333 78.891 0.862859 0.031415
2730 9.30667 77.086 0.86202 0.0305323
2740 9.34 84.9667 0.861702 0.0310181
2750 9.37333 84.4475 0.862915 0.0309412
2760 9.40667 84.3716 0.862612 0.0310841
2770 9.44 83.6858 0.862936 0.0303179
2780 9.47333 81.1387 0.864624 0.0312563
2790 9.50667 77.2838 0.863326 0.0311888
2800 9.54 82.9382 0.862369 0.030973
2810 9.57333 86.2006 0.862542 0.0310692
2820 9.60667 84.3169 0.860376 0.0304411
2830 9.64 83.3667 0.863739 0.0313063
2840 9.67333 82.7142 0.861206 0.0302764
2850 9.70667 79.6847 0.858898 0.0300559
2860 9.74 79.6172 0.862936 0.0307872
2870 9.77333 86.2003 0.861509 0.0308956
2880 9.80667 84.7255 0.86428 0.0312084
2890 9.84 84.6632 0.865552 0.0321528
2900 9.87333 82.0661 0.865838 0.0312036
2910 9.90667 81.1668 0.863891 0.03123
2920 9.94 77.7535 0.86254 0.0309554
