0 0 0 2.62689e-05 0.000140867
10 0.0135705 180.324 0.800598 0.131986
20 0.0388568 129.885 0.577484 0.0721928
30 0.07 103.636 0.573829 0.068635
40 0.103571 87.6641 0.593582 0.0670178
50 0.139286 80.8293 0.613796 0.0677934
60 0.176923 73.3174 0.622634 0.066654
70 0.215385 69.7993 0.634933 0.0661811
80 0.253846 65.6595 0.647906 0.0674445
90 0.290385 61.728 0.664989 0.0684004
100 0.325 59.4701 0.676997 0.0683805
110 0.360714 57.6839 0.683308 0.0690262
120 0.396429 56.0943 0.694931 0.0689465
130 0.432143 54.5665 0.705702 0.069379
140 0.467857 52.9285 0.715382 0.0693554
150 0.503571 51.0576 0.72545 0.069048
160 0.539286 49.7113 0.735139 0.0694669
170 0.575 48.7611 0.742234 0.0699016
180 0.610714 47.3206 0.750671 0.0697462
190 0.646429 45.982 0.762447 0.0710344
200 0.682143 45.883 0.766176 0.0703849
210 0.717857 45.3289 0.776613 0.0708783
220 0.753571 44.2894 0.783601 0.0707565
230 0.789286 43.4467 0.792223 0.0714826
240 0.825 42.877 0.800613 0.0713268
250 0.860714 41.979 0.804525 0.0712618
260 0.896429 40.9668 0.814505 0.0716029
270 0.932143 40.8094 0.819576 0.0716948
280 0.967857 40.5395 0.826981 0.0715403
290 1.00357 40.3876 0.831832 0.0711737
300 1.03929 40.6116 0.835396 0.0708432
310 1.075 40.7927 0.838811 0.0703676
320 1.11071 40.968 0.842942 0.0700649
330 1.14643 41.1391 0.845921 0.0693105
340 1.18214 41.3032 0.849933 0.0691274
350 1.21786 41.4629 0.851527 0.0683708
360 1.25 42.6453 0.854992 0.0671759
370 1.28352 42.4776 0.856539 0.0673677
380 1.31684 42.6172 0.862878 0.0679987
390 1.35 42.9997 0.861768 0.0666204
400 1.38333 43.8813 0.864364 0.0662889
410 1.41667 44.6397 0.866118 0.0655915
420 1.45 45.3657 0.868323 0.0653542
430 1.48333 46.0693 0.871735 0.0654215
440 1.51667 46.748 0.874144 0.0645491
450 1.55 47.4207 0.877752 0.0649109
460 1.58333 48.0695 0.880324 0.0649485
470 1.61667 48.7093 0.88125 0.0634643
480 1.65 49.2808 0.883173 0.0635987
490 1.68333 49.8139 0.885071 0.0631868
500 1.71667 50.3055 0.889332 0.0634383
510 1.75 50.7878 0.889786 0.0625196
520 1.78333 51.2416 0.893124 0.062719
530 1.81667 51.6703 0.894205 0.0624077
540 1.85 52.0876 0.897638 0.0622757
550 1.88333 52.5298 0.898459 0.0620816
560 1.91667 52.9468 0.903079 0.062733
570 1.95 53.2974 0.902408 0.0617977
580 1.98333 53.5747 0.904262 0.0612149
590 2.01667 54.8113 0.90475 0.0610574
600 2.05 56.3178 0.906756 0.060768
610 2.08333 57.7818 0.909795 0.0613425
620 2.11667 59.3198 0.912395 0.0608826
630 2.15 61.1233 0.912346 0.060705
640 2.18333 63.2756 0.91517 0.0605939
650 2.21667 64.9868 0.914996 0.0604819
660 2.25 66.1902 0.917839 0.0605429
670 2.28333 67.2655 0.921352 0.0606005
680 2.31667 68.4905 0.919253 0.0596914
690 2.35 69.6995 0.922838 0.06032
700 2.38333 70.7484 0.922371 0.0599661
710 2.41667 71.7023 0.920706 0.0589196
720 2.45 72.5908 0.927248 0.0596829
730 2.48333 73.8065 0.923117 0.0591993
740 2.51667 74.6697 0.923645 0.0590215
750 2.55 75.4883 0.925374 0.0592987
760 2.58333 76.2907 0.925595 0.0584901
770 2.61667 77.2346 0.925185 0.058228
780 2.65 78.1895 0.925447 0.0579261
790 2.68333 79.0627 0.924329 0.0579175
800 2.71333 79.9521 0.923103 0.0572578
810 2.74417 80.9275 0.924415 0.0563754
820 2.776 82.2635 0.917872 0.0560668
830 2.80667 83.3254 0.933095 0.0582794
840 2.83769 84.1617 0.927095 0.0571023
850 2.86889 84.9576 0.925426 0.0564409
860 2.9 85.7774 0.92351 0.0564684
870 2.93133 87.048 0.925285 0.056523
880 2.96267 88.9405 0.919395 0.0577253
890 2.99378 90.5341 0.925602 0.0564947
900 3.025 91.6878 0.927417 0.0570487
910 3.05625 92.3778 0.923451 0.0562694
920 3.0875 92.7542 0.922638 0.0555817
930 3.11875 93.3838 0.92231 0.0560097
940 3.15 94.9029 0.921563 0.0560352
950 3.18125 97.4646 0.925222 0.0567782
960 3.2125 100.043 0.921717 0.0560258
970 3.24375 101.928 0.923115 0.0558045
980 3.275 102.948 0.91987 0.0559042
990 3.30625 101.528 0.920852 0.0562748
1000 3.3375 98.291 0.92084 0.0563661
1010 3.36875 95.3789 0.922077 0.057455
1020 3.4 96.4706 0.921457 0.0566753
1030 3.43125 103.046 0.921475 0.0572242
1040 3.4625 112.547 0.921234 0.0573761
1050 3.49375 119.267 0.919543 0.0576896
1060 3.525 114.356 0.91792 0.0578621
1070 3.55625 104.158 0.915725 0.0574791
1080 3.5875 96.1418 0.926896 0.0599214
1090 3.61875 90.2963 0.942895 0.0635941
1100 3.65 88.7977 0.956125 0.0660268
1110 3.68125 86.7305 0.957994 0.0677642
1120 3.7125 102.297 0.956542 0.0689565
1130 3.74375 125.546 0.945492 0.0667843
1140 3.775 130.065 0.937563 0.0656198
1150 3.80625 117.938 0.930216 0.0654687
1160 3.8375 104.882 0.932184 0.0643105
1170 3.86875 103.114 0.943664 0.0672457
1180 3.9 99.4932 0.965231 0.0712909
1190 3.93125 94.1633 0.992902 0.077004
1200 3.9625 91.8976 1.00023 0.0790873
1210 3.99375 94.4281 0.99572 0.0788976
1220 4.025 123.106 0.980875 0.0777975
1230 4.05625 137.089 0.962594 0.0756026
1240 4.0875 127.571 0.947254 0.07152
1250 4.11875 113.745 0.932176 0.0678809
1260 4.15 107.87 0.931559 0.0671449
1270 4.18125 100.538 0.945345 0.0692859
1280 4.2125 98.5439 0.965693 0.072603
1290 4.24375 93.9216 0.996687 0.0796431
1300 4.275 90.4766 1.02451 0.086703
1310 4.30625 90.0338 1.02822 0.0878913
1320 4.3375 104.175 1.02224 0.0890403
1330 4.36875 131.976 1.00249 0.0863744
1340 4.4 137.433 0.979931 0.0827925
1350 4.43125 126.648 0.955889 0.0767842
1360 4.4625 114.616 0.941454 0.073808
1370 4.49375 108.758 0.939714 0.0726263
1380 4.525 104.296 0.940878 0.0714264
1390 4.55625 98.534 0.960158 0.0748097
1400 4.5875 94.745 0.992973 0.0813656
1410 4.61875 92.7956 1.03163 0.0901933
1420 4.65 88.1862 1.05754 0.0966626
1430 4.68125 87.4454 1.0646 0.0995237
1440 4.7125 109.348 1.04921 0.0991852
1450 4.74375 134.944 1.02716 0.0966299
1460 4.775 138.372 1.01241 0.0950574
1470 4.80625 134.295 0.979314 0.0879377
1480 4.8375 118.195 0.954836 0.0825936
1490 4.86875 112.205 0.941991 0.078509
1500 4.9 104.841 0.93388 0.0748049
1510 4.93125 100.019 0.934179 0.0742845
1520 4.9625 96.4448 0.953306 0.0765138
1530 4.99375 92.581 0.980906 0.082799
1540 5.025 90.8159 1.02153 0.0919833
1550 5.05625 89.3817 1.06879 0.102068
1560 5.0875 85.6015 1.09222 0.108811
1570 5.11875 86.2244 1.09588 0.11202
1580 5.15 119.996 1.07889 0.112631
1590 5.18125 139.013 1.06114 0.112432
1600 5.2125 140.869 1.03577 0.108732
1610 5.24375 136.728 1.00235 0.101205
1620 5.275 120.233 0.969919 0.0942506
1630 5.30625 110.293 0.949838 0.0888869
1640 5.3375 105.661 0.9349 0.0846379
1650 5.36875 103.173 0.92809 0.0807181
1660 5.4 98.3171 0.925317 0.0784663
1670 5.43125 95.0816 0.937948 0.0812127
1680 5.4625 93.1756 0.96377 0.0856279
1690 5.49375 90.3983 1.00226 0.0943717
1700 5.525 87.5206 1.05581 0.106121
1710 5.55625 86.8136 1.10938 0.119431
1720 5.5875 84.1538 1.13986 0.128538
1730 5.61875 94.4683 1.13871 0.130721
1740 5.65 126.605 1.12401 0.132933
1750 5.68125 142.41 1.09234 0.130111
1760 5.7125 146.661 1.07352 0.128394
1770 5.74375 137.366 1.03935 0.121237
1780 5.775 121.689 1.00524 0.114671
1790 5.80625 115.819 0.975181 0.106632
1800 5.8375 111.522 0.949087 0.0995779
1810 5.86875 108.17 0.924982 0.0920571
1820 5.9 102.952 0.916807 0.0903019
1830 5.93125 99.2598 0.908298 0.0870542
1840 5.9625 95.5 0.910593 0.0856412
1850 5.99375 93.6236 0.928821 0.089168
1860 6.025 91.1886 0.950574 0.0933489
1870 6.05625 89.0978 0.991769 0.102645
1880 6.0875 88.5419 1.05123 0.116303
1890 6.11875 86.2855 1.11917 0.133084
1900 6.15 84.802 1.17332 0.146629
1910 6.18125 83.378 1.19244 0.154216
1920 6.2125 113.743 1.18771 0.158495
1930 6.24375 136.175 1.17017 0.159985
1940 6.275 145.344 1.14584 0.158574
1950 6.30625 148.133 1.11092 0.152572
1960 6.3375 131.783 1.07883 0.147206
1970 6.36875 130.18 1.04243 0.139107
1980 6.4 121.352 1.00638 0.13019
1990 6.43125 118.193 0.971805 0.121653
2000 6.4625 112.255 0.948518 0.115755
2010 6.49375 109.146 0.919242 0.108956
2020 6.52667 102.197 0.894724 0.102593
2030 6.56 100.313 0.87901 0.0986242
2040 6.59333 96.6526 0.86728 0.0955293
2050 6.62667 94.9383 0.865274 0.0944734
2060 6.66 92.0402 0.863775 0.0938719
2070 6.69333 90.8103 0.876467 0.0969508
2080 6.72667 89.4222 0.896257 0.100434
2090 6.76 87.8195 0.927237 0.108193
2100 6.79333 86.0623 0.976363 0.120197
2110 6.82667 84.129 1.03414 0.132827
2120 6.86 83.3368 1.09645 0.148542
2130 6.89333 82.0148 1.16591 0.166202
2140 6.92667 80.7535 1.21469 0.179726
2150 6.96 98.5669 1.2376 0.190179
2160 6.99333 128.704 1.23588 0.198051
2170 7.02667 151.328 1.22561 0.202026
2180 7.06 157.338 1.20085 0.201649
2190 7.09333 157.558 1.16971 0.197669
2200 7.12667 151.957 1.13465 0.191002
2210 7.16 139.241 1.09523 0.183436
2220 7.19333 134.825 1.06095 0.176022
2230 7.22667 129.888 1.02895 0.169337
2240 7.26 125.599 0.9935 0.161756
2250 7.29333 120.379 0.960842 0.15333
2260 7.32667 115.027 0.926906 0.144954
2270 7.36 111.558 0.894656 0.135863
2280 7.39333 105.955 0.87027 0.129011
2290 7.42667 104.139 0.855344 0.123602
2300 7.46 100.762 0.839014 0.118601
2310 7.49333 98.1154 0.830237 0.11502
2320 7.52667 95.7229 0.82881 0.113395
2330 7.56 93.5814 0.830173 0.113846
2340 7.59333 92.7441 0.844757 0.117641
2350 7.62667 91.5672 0.870729 0.122019
2360 7.66 90.1526 0.908372 0.130911
2370 7.69333 88.3434 0.9604 0.142591
2380 7.72667 87.7841 1.04088 0.163079
2390 7.76 86.2658 1.13526 0.185367
2400 7.79333 85.474 1.23101 0.209844
2410 7.82667 83.2701 1.29396 0.227225
2420 7.86 89.7725 1.31682 0.237934
2430 7.89333 121.73 1.30912 0.242816
2440 7.92667 139.097 1.29544 0.245564
2450 7.96 158.938 1.28713 0.249808
2460 7.99333 153.725 1.26481 0.248905
2470 8.02667 155.863 1.23366 0.244045
2480 8.06 144.923 1.19756 0.237884
2490 8.09333 136.559 1.1574 0.230187
2500 8.12667 134.319 1.11912 0.223186
2510 8.16 129.445 1.07727 0.215043
2520 8.19333 124.539 1.03429 0.205622
2530 8.225 121.413 0.998483 0.197635
2540 8.25625 119.293 0.959621 0.189295
2550 8.2875 113.943 0.92395 0.181692
2560 8.31875 109.152 0.891047 0.173922
2570 8.35 108.241 0.857615 0.16704
2580 8.38125 105.396 0.82825 0.159888
2590 8.4125 102.798 0.800503 0.154349
2600 8.44375 100.003 0.776457 0.148947
2610 8.475 99.204 0.753478 0.143843
2620 8.50625 97.9557 0.733204 0.1393
2630 8.5375 95.7512 0.716246 0.134923
2640 8.56875 93.189 0.701271 0.131985
2650 8.6 92.2843 0.691135 0.129464
2660 8.63125 91.3025 0.684246 0.127666
2670 8.6625 90.6867 0.679225 0.125874
2680 8.69375 88.8313 0.680525 0.126432
2690 8.725 88.3018 0.686084 0.126584
2700 8.75625 87.1483 0.700338 0.129521
2710 8.7875 85.5952 0.711814 0.132004
2720 8.81875 85.1714 0.735013 0.136628
2730 8.85 84.185 0.75795 0.140688
2740 8.88125 83.3554 0.786839 0.147566
2750 8.9125 82.6256 0.82038 0.155232
2760 8.94375 82.0124 0.861157 0.16352
2770 8.975 81.2166 0.913622 0.176977
2780 9.00625 79.9242 0.975541 0.190149
2790 9.0375 79.6098 1.05414 0.209567
2800 9.06875 78.7895 1.13537 0.22929
2810 9.1 78.0709 1.21486 0.24986
2820 9.13125 77.7162 1.27441 0.267898
2830 9.1625 108.236 1.30589 0.28046
2840 9.19375 131.082 1.30341 0.287416
2850 9.225 154.394 1.29648 0.293473
2860 9.25625 164.537 1.27754 0.292625
2870 9.2875 165.174 1.25107 0.289186
2880 9.31875 159.989 1.22266 0.284942
2890 9.35 146.17 1.19559 0.280394
2900 9.38125 144.644 1.17249 0.276972
2910 9.4125 142.879 1.14803 0.273352
2920 9.44156 141.81 1.12752 0.271364
2930 9.47059 138.268 1.09662 0.266172
2940 9.5 132.937 1.07184 0.262407
2950 9.52941 130.04 1.04071 0.257448
2960 9.55882 132.029 1.00896 0.253179
2970 9.58824 127.981 0.976856 0.246201
2980 9.61875 123.489 0.941146 0.240243
2990 9.65 122.174 0.903299 0.232777
3000 9.68125 118.237 0.867434 0.225299
3010 9.70882 116.543 0.827071 0.21615
3020 9.73824 115.445 0.796956 0.210707
3030 9.76765 113.612 0.765997 0.203553
3040 9.79706 112.089 0.730851 0.195253
3050 9.82647 109.566 0.692429 0.185682
3060 9.85588 108.126 0.6575 0.177528
3070 9.88529 108.029 0.625805 0.168175
3080 9.91471 106.566 0.597663 0.160505
3090 9.94412 104.452 0.567301 0.151053
