0 0 0 1.85396e-05 0.000142212
10 0.0140267 73.9286 0.435612 0.0550925
20 0.0393464 66.4734 0.354197 0.0350959
30 0.07 47.5727 0.342968 0.0286416
40 0.103846 43.1259 0.341401 0.0272403
50 0.142308 40.5373 0.361479 0.0272932
60 0.183333 36.6779 0.380729 0.0289027
70 0.225 35.4093 0.387344 0.029084
80 0.266667 33.9265 0.400572 0.0296468
90 0.308333 32.6515 0.408949 0.029206
100 0.35 31.427 0.421718 0.0308194
110 0.391667 30.1237 0.422906 0.0296205
120 0.433333 29.3792 0.432952 0.0299638
130 0.475 28.5488 0.439275 0.029354
140 0.516667 27.4146 0.447082 0.0300937
150 0.558333 26.8213 0.45376 0.0301806
160 0.6 26.787 0.458707 0.029822
170 0.641667 26.3818 0.465974 0.0298899
180 0.683333 25.7249 0.472137 0.0303927
190 0.725 25.7007 0.479172 0.0304058
200 0.766667 25.3729 0.483419 0.0302
210 0.808333 24.7967 0.490609 0.0305081
220 0.85 24.842 0.496261 0.0302692
230 0.891667 24.9758 0.501631 0.0305628
240 0.933333 25.1063 0.504366 0.0300858
250 0.975 25.2342 0.509695 0.0301599
260 1.01667 25.3601 0.513088 0.0304854
270 1.05769 25.4398 0.504641 0.0281427
280 1.09615 25.7961 0.518488 0.0298605
290 1.13462 25.9152 0.519225 0.0294951
300 1.17308 26.0182 0.523886 0.0296097
310 1.21154 26.1199 0.52635 0.0293842
320 1.25 26.2197 0.529617 0.0293631
330 1.28846 26.316 0.532138 0.0289395
340 1.32692 26.4096 0.534956 0.0294285
350 1.36538 26.502 0.538372 0.0292984
360 1.40385 26.5925 0.540046 0.0289181
370 1.44231 26.6804 0.544388 0.0286572
380 1.48077 26.7674 0.546887 0.028944
390 1.51923 26.869 0.549627 0.028801
400 1.55769 26.9533 0.551749 0.0282229
410 1.59615 27.0353 0.556081 0.0286721
420 1.63462 27.1171 0.557389 0.0284411
430 1.67308 27.1972 0.559728 0.0283911
440 1.71154 27.2769 0.560819 0.0278028
450 1.75 27.3504 0.560364 0.0280296
460 1.78846 27.4246 0.562808 0.0276017
470 1.82692 27.4982 0.563672 0.0273136
480 1.86538 27.5708 0.565924 0.0270196
490 1.90385 27.6415 0.568554 0.0273246
500 1.94231 27.7107 0.5706 0.0273446
510 1.98077 27.7779 0.5722 0.0272045
520 2.01923 27.8449 0.574054 0.0266094
530 2.05769 27.9109 0.576493 0.0269097
540 2.09615 27.9758 0.577146 0.0267953
550 2.13462 28.0396 0.580195 0.0265569
560 2.17308 28.1024 0.580732 0.0264171
570 2.21154 28.1632 0.583788 0.0265634
580 2.25 28.2228 0.58586 0.0266929
590 2.28846 28.2819 0.587781 0.026266
600 2.32692 28.3398 0.588833 0.026156
610 2.36538 28.3967 0.591026 0.0260682
620 2.40385 28.4525 0.593753 0.0263515
630 2.44231 28.508 0.594485 0.0262219
640 2.48077 28.5619 0.595778 0.0259158
650 2.51923 28.616 0.596736 0.0253794
660 2.55769 28.6685 0.599286 0.0258501
670 2.59615 28.7204 0.602523 0.026268
680 2.63462 28.7716 0.602328 0.0257178
690 2.67308 28.8223 0.603304 0.0251253
700 2.71154 28.8721 0.604147 0.0255842
710 2.75 28.9212 0.606358 0.0257988
720 2.78846 28.9701 0.606832 0.0251716
730 2.82692 29.0183 0.607769 0.0249397
740 2.86538 29.0653 0.609866 0.0250421
750 2.90385 29.1119 0.61301 0.0252363
760 2.94231 29.158 0.613089 0.024976
770 2.98077 29.2037 0.613454 0.0248384
780 3.01923 29.2484 0.614319 0.0245004
790 3.05769 29.2919 0.617696 0.0250033
800 3.09615 29.3356 0.620027 0.0249726
810 3.13462 29.3784 0.618921 0.0245335
820 3.17308 29.4211 0.619282 0.02394
830 3.21154 29.4625 0.621187 0.0242404
840 3.25 29.5035 0.623052 0.0247974
850 3.28846 29.5445 0.62402 0.0242018
860 3.32692 29.5844 0.623672 0.0241302
870 3.36538 29.6239 0.628004 0.0242635
880 3.40385 29.6622 0.628008 0.0240047
890 3.44231 29.7007 0.627561 0.0238062
900 3.48077 29.7385 0.628597 0.0237511
910 3.51923 29.7764 0.629838 0.0234056
920 3.55769 29.8133 0.632941 0.0239434
930 3.59615 29.8492 0.633638 0.0239077
940 3.63462 29.8859 0.633184 0.023482
950 3.67308 29.9216 0.632138 0.0228985
960 3.71154 29.9563 0.634172 0.0232598
970 3.75 29.9901 0.635024 0.0232514
980 3.78846 30.0246 0.63507 0.0229352
990 3.82692 30.0581 0.637361 0.0231273
1000 3.86538 30.0908 0.638906 0.0230012
1010 3.90385 30.1239 0.637905 0.0229831
1020 3.94231 30.1562 0.640247 0.0229814
1030 3.98077 30.1883 0.640919 0.0225193
1040 4.01923 30.2197 0.645244 0.0228356
1050 4.05769 30.2503 0.643083 0.0226668
1060 4.09615 30.2805 0.642875 0.0226148
1070 4.13462 30.3108 0.643401 0.0224942
1080 4.17308 30.3404 0.643899 0.0222296
1090 4.21154 30.3695 0.645514 0.0222756
1100 4.25 30.3976 0.647217 0.0227057
1110 4.28846 30.427 0.649446 0.0227935
1120 4.32692 30.4548 0.647502 0.021785
1130 4.36538 30.4821 0.649965 0.0223518
1140 4.40385 30.509 0.649525 0.022216
1150 4.44231 30.5361 0.650293 0.0220836
1160 4.48077 30.5628 0.649891 0.0216009
1170 4.51923 30.5884 0.651686 0.0219668
1180 4.55769 30.614 0.651936 0.0222201
1190 4.59615 30.6403 0.654276 0.0220556
1200 4.63462 30.6655 0.653538 0.0216795
1210 4.67308 30.6897 0.655121 0.021776
1220 4.71154 30.7141 0.655722 0.0218398
1230 4.75 30.7382 0.655296 0.021166
1240 4.78846 30.7615 0.657964 0.0216639
1250 4.82692 30.7828 0.655112 0.021657
1260 4.86538 30.8049 0.657095 0.0214371
1270 4.90385 30.8269 0.657837 0.0213944
1280 4.94231 30.8479 0.658659 0.0212431
1290 4.98077 30.8686 0.658311 0.0212681
1300 5.01923 30.8895 0.658695 0.0211563
1310 5.05769 30.9097 0.662047 0.0214833
1320 5.09615 30.9291 0.658087 0.0209165
1330 5.13462 30.9486 0.660006 0.0209816
1340 5.17308 30.9673 0.661271 0.021095
1350 5.21154 30.9861 0.662161 0.0214203
1360 5.25 31.005 0.662509 0.0208486
1370 5.28846 31.0223 0.661715 0.0208259
1380 5.32692 31.0406 0.662411 0.0204826
1390 5.36538 31.0582 0.666224 0.0207094
1400 5.40385 31.0755 0.663534 0.0206618
1410 5.44231 31.0918 0.662367 0.020695
1420 5.48077 31.1093 0.663618 0.0206638
1430 5.51923 31.1261 0.66523 0.0207416
1440 5.55769 31.1426 0.665593 0.0206564
1450 5.59615 31.1585 0.665415 0.0206575
1460 5.63462 31.1743 0.667074 0.0205125
1470 5.67308 31.1903 0.665456 0.0202828
1480 5.71154 31.2057 0.665934 0.0202205
1490 5.75 31.2202 0.666669 0.0206888
1500 5.78846 31.2353 0.669489 0.0202182
1510 5.82692 31.2498 0.668635 0.0204074
1520 5.86538 31.2635 0.6668 0.020305
1530 5.90385 31.2775 0.668782 0.0201468
1540 5.94231 31.291 0.668497 0.0201916
1550 5.98077 31.3048 0.669077 0.0201456
1560 6.01923 31.318 0.669472 0.0200389
1570 6.05769 31.3307 0.669863 0.0201303
1580 6.09615 31.3439 0.669738 0.0200698
1590 6.13462 31.3568 0.670243 0.0199473
1600 6.17308 31.3688 0.671494 0.0200598
1610 6.21154 31.3817 0.669267 0.0194624
1620 6.25 31.3932 0.673238 0.0201406
1630 6.28846 31.4047 0.671858 0.0200036
1640 6.32692 31.4162 0.670082 0.0195934
1650 6.36538 31.427 0.670367 0.0195769
1660 6.40385 31.4379 0.67016 0.0194969
1670 6.44231 31.4487 0.669898 0.0194067
1680 6.48077 31.459 0.6717 0.0199157
1690 6.51923 31.4694 0.671789 0.0194691
1700 6.55769 32.4964 0.678829 0.0202219
1710 6.59615 33.1248 0.679398 0.0201703
1720 6.63269 32.5835 0.679717 0.0199168
1730 6.66923 32.0077 0.682332 0.0209137
1740 6.70385 32.3132 0.64904 0.0149005
1750 6.7399 31.8768 0.68061 0.0194903
1760 6.77607 31.9026 0.655574 0.0144092
1770 6.81122 32.0453 0.699312 0.0222203
1780 6.84647 31.8704 0.683432 0.0199708
1790 6.88237 31.8636 0.682897 0.0198617
1800 6.91827 31.8998 0.688395 0.020939
1810 6.95385 32.135 0.665028 0.0170362
1820 6.98942 31.9435 0.683986 0.019701
1830 7.02532 31.9133 0.683778 0.0195272
1840 7.06095 32.0156 0.662053 0.0154586
1850 7.09645 31.9551 0.685152 0.0197853
1860 7.13225 31.9553 0.685869 0.0196686
1870 7.16805 31.9795 0.689712 0.0204326
1880 7.20385 32.1386 0.668433 0.0166515
1890 7.23935 32.0135 0.686353 0.0197215
1900 7.27515 32.0033 0.685626 0.0194715
1910 7.31095 32.0732 0.667606 0.0157429
1920 7.34645 32.0743 0.68794 0.0198534
1930 7.38225 32.052 0.68755 0.0195027
1940 7.41805 32.0785 0.692098 0.0204208
1950 7.45385 32.2137 0.66997 0.0168285
1960 7.48935 32.1095 0.690115 0.0196872
1970 7.525 32.1336 0.689283 0.0193922
1980 7.56095 32.1322 0.668752 0.0155439
1990 7.59645 32.2246 0.689518 0.019549
2000 7.63214 32.202 0.689313 0.0193624
2010 7.66786 32.2307 0.690004 0.0192499
2020 7.70357 32.248 0.689693 0.0192481
2030 7.73929 32.2415 0.690817 0.0193567
2040 7.775 32.2291 0.690316 0.0193028
2050 7.81071 32.2119 0.691083 0.0191992
2060 7.84643 32.1987 0.690958 0.0191389
2070 7.88214 32.1881 0.690649 0.0192003
2080 7.91786 32.1842 0.692219 0.0192955
2090 7.95357 32.1872 0.691686 0.0192338
2100 7.98929 32.1941 0.693259 0.0192565
2110 8.025 32.206 0.692294 0.0192202
2120 8.06071 32.2167 0.694015 0.0193997
2130 8.09643 32.2304 0.693047 0.0192639
2140 8.13214 32.2433 0.693565 0.01957
2150 8.16786 32.2598 0.693706 0.0193242
2160 8.20357 32.2743 0.693724 0.0195228
2170 8.23929 32.2918 0.693782 0.0191593
2180 8.275 32.3019 0.693176 0.0192592
2190 8.31071 32.3144 0.695254 0.0193012
2200 8.34643 32.3216 0.69531 0.0195057
2210 8.38214 32.3338 0.694248 0.0189317
2220 8.41786 32.3428 0.693787 0.0191905
2230 8.45357 32.3568 0.694906 0.0191555
2240 8.48929 32.3674 0.695211 0.0193459
2250 8.525 32.3823 0.695899 0.0189433
2260 8.56071 32.3953 0.695203 0.0190663
2270 8.59643 32.4129 0.695322 0.0189853
2280 8.63214 32.4254 0.696143 0.0191574
2290 8.66786 32.4423 0.695357 0.0188157
2300 8.70357 32.4543 0.696498 0.0189987
2310 8.73929 32.4705 0.697088 0.0189235
2320 8.775 32.482 0.695909 0.0189157
2330 8.81071 32.4976 0.695461 0.0187542
2340 8.84643 32.5086 0.695638 0.0187009
2350 8.88214 32.5243 0.696926 0.0188919
2360 8.91786 32.536 0.696251 0.0188141
2370 8.95357 32.5522 0.697252 0.0188608
2380 8.98929 32.5648 0.696781 0.0187535
2390 9.025 32.5818 0.697118 0.018769
2400 9.06071 32.5932 0.696735 0.0186415
2410 9.09643 32.6098 0.698147 0.0188785
2420 9.13214 32.6211 0.698371 0.0187176
2430 9.16786 32.6367 0.698201 0.0187402
2440 9.20357 32.6475 0.697514 0.0186608
2450 9.23929 32.6621 0.697628 0.0185779
2460 9.275 32.6726 0.696872 0.0185187
2470 9.31071 32.6881 0.69715 0.0186448
2480 9.34643 32.6987 0.698012 0.0188101
2490 9.38214 32.7154 0.6977 0.0184614
2500 9.41786 32.7268 0.698168 0.0185625
2510 9.45357 32.7427 0.698197 0.0184166
2520 9.48929 32.7528 0.699207 0.0186058
2530 9.525 32.7673 0.698805 0.0186801
2540 9.56071 32.777 0.698886 0.0185916
2550 9.59643 32.7907 0.698907 0.018602
2560 9.63214 32.8002 0.698838 0.018483
2570 9.66786 32.8146 0.699281 0.0186937
2580 9.70357 32.8241 0.698813 0.0184538
2590 9.73929 32.8381 0.699216 0.0185532
2600 9.775 32.8486 0.698232 0.0182568
2610 9.81071 32.8622 0.699767 0.0184342
2620 9.84643 32.8716 0.699864 0.0181605
2630 9.88214 32.8835 0.699925 0.0184902
2640 9.91786 32.893 0.700837 0.0183957
