0 0 0 0.000233245 0.00105242
10 0.0122185 195.128 0.884472 0.158895
20 0.034599 165.392 0.867591 0.147548
30 0.0617647 135.452 0.861494 0.140656
40 0.0935294 115.887 0.853561 0.133412
50 0.126667 105.136 0.861844 0.130662
60 0.16 96.9734 0.8766 0.130856
70 0.193333 89.6374 0.886249 0.129043
80 0.226667 84.3921 0.899351 0.129304
90 0.26 79.6642 0.915444 0.131406
100 0.293333 77.5304 0.926885 0.131085
110 0.326667 75.1638 0.941668 0.13212
120 0.36 72.8058 0.947482 0.130967
130 0.393333 70.5238 0.965596 0.132792
140 0.426667 68.2524 0.974862 0.132782
150 0.46 65.9697 0.985419 0.13266
160 0.493333 63.6163 0.994483 0.132521
170 0.526667 62.3139 1.00822 0.132818
180 0.56 61.5734 1.02049 0.134419
190 0.593333 60.6904 1.02795 0.133626
200 0.626667 59.649 1.03786 0.133972
210 0.66 58.566 1.0474 0.135288
220 0.693333 57.4273 1.05931 0.136414
230 0.726667 56.3054 1.06814 0.13638
240 0.76 55.1918 1.07749 0.136245
250 0.793333 54.1376 1.08652 0.137165
260 0.826 53.6142 1.08683 0.135968
270 0.85625 53.21 1.11574 0.142748
280 0.8875 52.6067 1.10988 0.138267
290 0.91875 52.8944 1.1209 0.138957
300 0.95 53.1511 1.1281 0.139661
310 0.98125 53.4517 1.13764 0.140126
320 1.0125 53.7299 1.14278 0.140314
330 1.04375 54.004 1.15023 0.140204
340 1.075 54.2758 1.15543 0.140428
350 1.10625 54.5329 1.16215 0.140578
360 1.1375 54.7807 1.16556 0.14039
370 1.16875 55.033 1.17101 0.140527
380 1.2 55.2855 1.17851 0.141506
390 1.23125 55.5232 1.18 0.140896
400 1.2625 55.7536 1.18731 0.141467
410 1.29375 55.9749 1.18888 0.14043
420 1.325 56.1876 1.19529 0.141168
430 1.35625 56.3956 1.19423 0.139692
440 1.3875 56.5964 1.20077 0.140536
450 1.41875 56.7903 1.20769 0.142219
460 1.45 56.9763 1.21101 0.141959
470 1.48125 57.1554 1.20774 0.140489
480 1.5125 57.3326 1.21692 0.142279
490 1.54375 57.5012 1.22023 0.142323
500 1.575 58.2694 1.22253 0.142797
510 1.60625 59.2327 1.22756 0.143391
520 1.6375 60.1702 1.23386 0.143808
530 1.66875 61.1166 1.23106 0.143852
540 1.7 62.1355 1.24012 0.145668
550 1.73125 63.1461 1.24295 0.146713
560 1.7625 63.844 1.24794 0.147898
570 1.79375 64.5038 1.25082 0.148652
580 1.825 65.9818 1.25741 0.150865
590 1.85625 67.4233 1.26041 0.151919
600 1.8875 68.6265 1.27195 0.155893
610 1.91875 69.2682 1.27429 0.155718
620 1.95 69.7319 1.27586 0.157097
630 1.98125 70.5818 1.2798 0.158078
640 2.0125 71.3146 1.289 0.162402
650 2.04375 72.0195 1.29531 0.164537
660 2.075 72.6539 1.30017 0.166269
670 2.10625 73.3467 1.30277 0.168466
680 2.1375 74.0767 1.31093 0.171184
690 2.16875 74.4685 1.31526 0.173104
700 2.2 74.8745 1.32011 0.175919
710 2.23125 75.1541 1.32445 0.178671
720 2.2625 75.3548 1.332 0.182478
730 2.29375 75.5079 1.33935 0.185005
740 2.325 75.6042 1.34043 0.187628
750 2.35625 75.5472 1.34776 0.190756
760 2.3875 76.6102 1.35368 0.194485
770 2.41875 77.7545 1.36142 0.198529
780 2.45 78.6998 1.36756 0.201933
790 2.48125 79.2988 1.37289 0.204386
800 2.5125 79.2588 1.37446 0.207436
810 2.54375 78.7272 1.38706 0.212323
820 2.575 77.9797 1.38221 0.21472
830 2.60625 77.0655 1.39277 0.218114
840 2.6375 77.0667 1.3978 0.222133
850 2.66875 77.804 1.39908 0.225481
860 2.7 78.9433 1.40575 0.229331
870 2.73125 80.0489 1.41044 0.232633
880 2.7625 80.9549 1.41248 0.235743
890 2.79375 81.8872 1.41786 0.240686
900 2.825 83.0747 1.41824 0.243292
910 2.85625 85.1229 1.41838 0.245896
920 2.8875 88.0692 1.41498 0.248851
930 2.91875 91.7659 1.4115 0.250297
940 2.95 95.407 1.40555 0.251734
950 2.98125 99.3696 1.39922 0.253307
