0 0 0 2.09922e-05 0.000140958
10 0.0153618 139.695 0.53255 0.0605418
20 0.0419028 103.551 0.492682 0.0497843
30 0.075 83.3795 0.475232 0.0425153
40 0.111538 74.2636 0.489681 0.0431564
50 0.15 66.7243 0.503773 0.0440222
60 0.191667 61.6685 0.50594 0.0412711
70 0.233333 57.0035 0.525701 0.0437196
80 0.275 55.423 0.538667 0.044729
90 0.316667 51.8606 0.548795 0.0445449
100 0.357986 49.5251 0.574961 0.0473487
110 0.396181 47.1263 0.567103 0.0444256
120 0.434615 45.7077 0.571765 0.0452012
130 0.473077 44.2257 0.582979 0.0451055
140 0.511538 43.4262 0.593942 0.0460545
150 0.55 42.2657 0.600909 0.0454407
160 0.588462 41.1532 0.60775 0.0453894
170 0.626923 40.5624 0.614987 0.045941
180 0.665385 39.3346 0.621751 0.0456459
190 0.703846 38.6901 0.628906 0.0457742
200 0.742308 38.1052 0.635273 0.0459447
210 0.780769 37.0732 0.641377 0.0459203
220 0.819231 36.216 0.647509 0.0459976
230 0.857692 35.6569 0.655175 0.0460498
240 0.896154 35.2786 0.65873 0.0453336
250 0.934615 34.6267 0.666732 0.0460318
260 0.973077 34.5799 0.673179 0.0461529
270 1.01154 34.0994 0.678836 0.0459358
280 1.05 33.2065 0.680434 0.0450461
290 1.08846 33.0233 0.684608 0.0452
300 1.12692 32.4653 0.687191 0.0444357
310 1.16538 31.6958 0.692895 0.0446686
320 1.20385 31.7768 0.698351 0.0448597
330 1.24231 31.6011 0.700736 0.0440923
340 1.28077 32.0258 0.702198 0.0437286
350 1.31923 32.3812 0.708695 0.0437334
360 1.35769 32.6597 0.712513 0.0437276
370 1.39615 32.9118 0.712385 0.0427165
380 1.43462 33.138 0.714748 0.0420454
390 1.47308 33.3719 0.723388 0.042862
400 1.51154 33.6011 0.727704 0.042954
410 1.55 33.8377 0.729155 0.0429264
420 1.58846 34.0683 0.7328 0.0426166
430 1.62692 34.302 0.736025 0.0422788
440 1.66538 34.5269 0.739143 0.0420934
450 1.70385 34.746 0.742519 0.0416971
460 1.74231 34.9618 0.74517 0.0421519
470 1.78077 35.1769 0.747799 0.0417212
480 1.81923 35.3973 0.753897 0.0418448
490 1.85769 35.6154 0.754664 0.0410434
500 1.89615 35.8213 0.759875 0.0415807
510 1.93462 36.0285 0.760151 0.0412421
520 1.9716 36.2542 0.763329 0.0404502
530 2.00714 36.4592 0.765192 0.0410306
540 2.04286 36.6498 0.767539 0.0404843
550 2.07857 36.8372 0.770523 0.040652
560 2.11429 37.036 0.771586 0.0401293
570 2.15 37.247 0.773402 0.039772
580 2.18571 37.4534 0.777684 0.0397336
590 2.22143 37.6507 0.780434 0.0399197
600 2.25714 37.8534 0.777576 0.0390623
610 2.29286 38.0613 0.784131 0.0393089
620 2.32857 38.2766 0.784755 0.0389695
630 2.36429 38.476 0.785333 0.0380566
640 2.4 38.6713 0.790867 0.0391995
650 2.43571 38.866 0.793123 0.0389294
660 2.47143 39.0658 0.792678 0.0382618
670 2.50714 39.2757 0.793268 0.0378986
680 2.54286 39.4829 0.79664 0.0378428
690 2.57857 39.6758 0.799643 0.0381617
700 2.61429 39.8731 0.802484 0.03834
710 2.65 40.0791 0.802019 0.0375855
720 2.68571 40.2963 0.803781 0.0373264
730 2.72143 40.5001 0.804818 0.0372161
740 2.75714 40.6956 0.809755 0.0376532
750 2.79286 40.9073 0.807194 0.0367525
760 2.82857 41.122 0.809421 0.0368108
770 2.86429 41.3314 0.813102 0.0369475
780 2.9 41.5616 0.810544 0.0361178
790 2.93571 41.7952 0.813025 0.0360976
800 2.97143 41.9905 0.816761 0.0363961
810 3.00714 42.1685 0.816473 0.0360231
820 3.04286 42.3388 0.817892 0.0356133
830 3.07857 42.4892 0.820492 0.0357032
840 3.11429 42.6484 0.821111 0.035965
850 3.15 42.8298 0.821198 0.0352804
860 3.18571 43.016 0.822211 0.0349041
870 3.22143 43.1809 0.827048 0.0354626
880 3.25714 43.3571 0.826467 0.0352085
890 3.29286 43.5363 0.827122 0.0347319
900 3.32857 43.6974 0.830008 0.0347842
910 3.36429 43.8707 0.82911 0.0346005
920 3.4 44.0557 0.832095 0.0342677
930 3.43571 44.2307 0.830588 0.0340177
940 3.47143 44.4012 0.834219 0.0346398
950 3.50714 44.5904 0.830885 0.0334855
960 3.54286 44.7822 0.834169 0.0335331
970 3.57857 44.9568 0.835811 0.0338836
980 3.61429 45.1342 0.836999 0.0340942
990 3.65 45.3247 0.837834 0.0330179
1000 3.68571 45.5082 0.837797 0.033091
1010 3.72143 45.6857 0.838881 0.0329949
1020 3.75714 45.8846 0.840494 0.0329774
1030 3.79286 46.0655 0.842552 0.0330125
1040 3.82857 46.253 0.838501 0.0320195
1050 3.86429 46.4511 0.843088 0.0330072
1060 3.9 46.6269 0.844567 0.0328415
1070 3.93571 46.8227 0.843791 0.0316899
1080 3.97143 47.0023 0.846082 0.032145
1090 4.00714 47.1957 0.844827 0.0318397
1100 4.04286 47.3866 0.84563 0.0320314
1110 4.07857 47.5621 0.850016 0.0321709
1120 4.11429 47.7678 0.846443 0.031435
1130 4.15 47.9469 0.850005 0.0316749
1140 4.18571 48.1375 0.847583 0.0305899
1150 4.22143 48.3289 0.847463 0.0307584
1160 4.25714 48.5076 0.851796 0.0312223
1170 4.29286 48.6995 0.850605 0.0311286
1180 4.325 48.8149 0.853166 0.0308678
1190 4.35714 49.0011 0.864584 0.0322539
1200 4.39036 49.1921 0.854631 0.0304994
1210 4.42381 49.3325 0.857887 0.0306575
1220 4.45714 49.5039 0.858524 0.0308288
1230 4.49011 49.6761 0.855471 0.0305565
1240 4.52347 49.8413 0.85218 0.0295184
1250 4.55689 50.0016 0.859846 0.0293634
1260 4.59005 50.1707 0.855712 0.0296373
1270 4.62347 50.3487 0.85511 0.0298159
1280 4.65689 50.5037 0.860156 0.0292353
1290 4.69005 50.6785 0.856517 0.0291215
1300 4.72333 50.8299 0.856021 0.0290045
1310 4.75667 50.9911 0.856209 0.0289236
1320 4.79 51.1565 0.857107 0.0289641
1330 4.82333 51.3026 0.858422 0.0295042
1340 4.85667 51.477 0.855928 0.0281822
1350 4.89 51.6305 0.85848 0.0287872
1360 4.92333 51.7836 0.85826 0.0287188
1370 4.95667 51.9467 0.854961 0.027769
1380 4.99 52.0943 0.856421 0.0282491
1390 5.02333 52.2511 0.855877 0.0276902
1400 5.05667 52.4074 0.857834 0.0278301
1410 5.09 52.5443 0.858393 0.0283242
1420 5.12333 52.7048 0.858296 0.0276918
1430 5.15667 52.8597 0.858161 0.0274948
1440 5.19 53.0085 0.857659 0.0273509
1450 5.22333 53.1859 0.857462 0.0270983
1460 5.25667 53.3534 0.857833 0.0270294
1470 5.29 53.5397 0.856157 0.026726
1480 5.32333 53.698 0.857817 0.0269445
1490 5.35667 53.835 0.856864 0.0269342
1500 5.39 53.9684 0.857201 0.0268749
1510 5.42333 54.0661 0.857118 0.0265614
1520 5.45667 54.1697 0.857064 0.0265686
1530 5.49 54.2665 0.858746 0.0265225
1540 5.52333 54.3762 0.856672 0.0260599
1550 5.55667 54.4808 0.85782 0.0263502
1560 5.59 54.5956 0.858951 0.0263619
1570 5.62333 54.7136 0.856705 0.0260261
1580 5.65667 54.8317 0.857462 0.0261936
1590 5.69 54.9595 0.858525 0.0261879
1600 5.72333 55.0912 0.85927 0.0260174
1610 5.75667 55.2208 0.857369 0.0259897
1620 5.79 55.3546 0.85729 0.0259263
1630 5.82333 55.4814 0.853945 0.0246948
1640 5.85667 55.6126 0.85615 0.0255403
1650 5.89 55.7446 0.854157 0.0250438
1660 5.92333 55.8707 0.857682 0.0254175
1670 5.95667 55.9922 0.85739 0.0252553
1680 5.99 56.1209 0.856754 0.0250315
1690 6.02333 56.2423 0.856917 0.0250184
1700 6.05667 56.3679 0.857375 0.0258682
1710 6.09 56.5297 0.855024 0.0250147
1720 6.12333 56.6701 0.855224 0.0247708
1730 6.15667 56.8323 0.855826 0.024825
1740 6.19 56.9818 0.858963 0.0251717
1750 6.22333 57.136 0.855361 0.0247121
1760 6.25667 57.2861 0.854478 0.0245048
1770 6.29 57.4281 0.855504 0.0248284
1780 6.32333 57.5889 0.855013 0.0246065
1790 6.35667 57.7346 0.852287 0.0241282
1800 6.39 57.8798 0.849328 0.0232446
1810 6.42333 58.0165 0.85634 0.0245544
1820 6.45667 58.148 0.853956 0.024054
1830 6.49 58.2824 0.854495 0.0240642
1840 6.52333 58.402 0.853413 0.024377
1850 6.55667 58.5239 0.851811 0.0237281
1860 6.59 58.6377 0.851315 0.0236751
1870 6.62333 58.7472 0.851893 0.0230607
1880 6.65667 58.852 0.852759 0.0238311
1890 6.69 58.9447 0.851392 0.0235987
1900 6.72333 59.04 0.851706 0.0235608
1910 6.75667 59.0938 0.852771 0.0237331
1920 6.79 59.1449 0.850597 0.0236724
1930 6.82333 59.2153 0.847547 0.0228828
1940 6.85667 59.3421 0.850929 0.0232338
1950 6.89 59.4448 0.851364 0.0233449
1960 6.92333 59.5484 0.850321 0.0230804
1970 6.95667 59.6461 0.850014 0.0230193
1980 6.99 59.7342 0.849519 0.0232413
1990 7.02333 59.8173 0.850632 0.0231466
2000 7.05667 59.8932 0.849082 0.0232059
2010 7.09 59.9648 0.848685 0.0229595
2020 7.12333 60.0403 0.851016 0.023831
2030 7.15667 60.1142 0.848442 0.0228778
2040 7.19 60.2052 0.848231 0.022824
2050 7.22333 60.3302 0.848227 0.0228367
2060 7.25667 60.4559 0.847283 0.0228677
2070 7.29 60.5781 0.848614 0.0230271
2080 7.32333 60.7035 0.84561 0.0221964
2090 7.35667 60.8275 0.846176 0.0225142
2100 7.39 60.9534 0.848956 0.0232044
2110 7.42333 61.0809 0.845944 0.0228967
2120 7.45667 61.2124 0.84614 0.0225717
2130 7.49 61.3449 0.846147 0.0226081
2140 7.52333 61.474 0.844912 0.0220997
2150 7.55667 61.6084 0.846166 0.0223419
2160 7.59 61.7425 0.843712 0.0222072
2170 7.62333 61.8774 0.842864 0.0217728
2180 7.65667 62.0127 0.847522 0.0236458
2190 7.69 62.1515 0.843733 0.0226451
2200 7.72333 62.2936 0.846855 0.0225304
2210 7.75667 62.4408 0.842958 0.0219763
2220 7.79 62.5835 0.842458 0.0220212
2230 7.82333 62.7313 0.843191 0.0218487
2240 7.85667 62.8804 0.84126 0.0213556
2250 7.89 63.0267 0.841475 0.0216518
2260 7.92333 63.1749 0.844079 0.022781
2270 7.95667 63.3263 0.841226 0.021991
2280 7.99 63.4855 0.840521 0.0220057
2290 8.02333 63.6489 0.840599 0.0217305
2300 8.05667 63.8187 0.839953 0.0215667
2310 8.09 64.0245 0.839893 0.021397
2320 8.12333 64.2709 0.840328 0.0214964
2330 8.15667 64.5256 0.839213 0.0217183
2340 8.19 64.7632 0.84171 0.0225649
2350 8.22333 64.9876 0.839047 0.0216737
2360 8.25667 65.2035 0.837741 0.0213714
2370 8.29 65.3984 0.839793 0.0217586
2380 8.32333 65.5794 0.836269 0.0215184
2390 8.35667 65.462 0.837878 0.0214199
2400 8.39 65.2328 0.836699 0.0211178
2410 8.42333 65.1931 0.835732 0.0212966
2420 8.45667 65.2561 0.839601 0.0228316
2430 8.49 65.1424 0.836133 0.0211372
2440 8.52333 64.875 0.835156 0.0209122
2450 8.55667 64.8269 0.835436 0.0207354
2460 8.59 64.7438 0.834992 0.0215399
2470 8.62333 64.7242 0.836344 0.0215484
2480 8.65667 64.78 0.835433 0.021457
2490 8.69 64.8059 0.833083 0.0212811
2500 8.72333 64.9138 0.828824 0.019801
2510 8.75667 64.9089 0.833943 0.0211242
2520 8.79 64.9605 0.83302 0.020751
2530 8.82333 65.1611 0.836061 0.0220174
2540 8.85667 65.3069 0.833529 0.0212582
2550 8.89 65.3279 0.832636 0.0206519
2560 8.92333 65.4361 0.83187 0.020672
2570 8.95667 65.641 0.83066 0.0207307
2580 8.99 65.7021 0.833002 0.0208663
2590 9.02333 65.726 0.831235 0.0208325
2600 9.05667 65.8806 0.829298 0.0206335
2610 9.09 65.9717 0.832168 0.0215291
2620 9.12333 66.0636 0.828978 0.0208577
2630 9.15667 66.1796 0.829785 0.0210492
2640 9.19 66.2243 0.829754 0.0206613
2650 9.22333 66.2858 0.829209 0.0205638
2660 9.25667 66.3754 0.829705 0.0204436
2670 9.29 66.4613 0.828421 0.0206327
2680 9.32333 66.5349 0.828208 0.0204151
2690 9.35667 66.6187 0.830188 0.0208699
2700 9.39 66.7105 0.827235 0.0201854
2710 9.42333 66.7949 0.82679 0.0203618
2720 9.45667 66.8565 0.82255 0.0193486
2730 9.49 66.9559 0.825117 0.0201134
2740 9.52333 67.0728 0.82623 0.020646
2750 9.55667 67.1008 0.828226 0.0212419
2760 9.59 67.1351 0.826357 0.0204479
2770 9.62333 67.2875 0.826155 0.0204622
2780 9.65667 67.3476 0.82704 0.020312
2790 9.69 67.3185 0.824697 0.0202697
2800 9.72333 67.4254 0.8241 0.0197417
2810 9.75667 67.558 0.828425 0.0211383
2820 9.79 67.5511 0.824375 0.0206349
2830 9.82333 67.5576 0.825149 0.0203373
2840 9.85667 67.6684 0.824124 0.0200794
2850 9.89 67.7683 0.82401 0.0203426
2860 9.92333 67.7545 0.822789 0.020483
