0 0 0 0.000245333 0.00105309
10 0.0120503 215.192 1.0453 0.218902
20 0.0335207 176.894 0.900667 0.165443
30 0.0588235 144.235 0.903949 0.160018
40 0.0882353 122.365 0.891987 0.149427
50 0.12 112.843 0.898615 0.146337
60 0.153333 102.668 0.915175 0.147104
70 0.186667 93.0141 0.930468 0.146728
80 0.22 89.7208 0.939764 0.144286
90 0.253333 84.9296 0.956169 0.14579
100 0.286667 80.8581 0.970075 0.146613
110 0.32 78.539 0.981452 0.146824
120 0.353333 76.0831 0.993106 0.146846
130 0.386667 73.6306 1.00567 0.147514
140 0.42 71.0513 1.0188 0.147404
150 0.453333 68.4393 1.03089 0.148784
160 0.486667 66.8807 1.04313 0.149945
170 0.519697 65.3348 1.05677 0.148876
180 0.55 64.9385 1.06427 0.150717
190 0.58125 63.1442 1.07377 0.150564
200 0.6125 62.3879 1.08582 0.151301
210 0.64375 61.2119 1.09323 0.151954
220 0.675 59.7481 1.10512 0.153037
230 0.70625 59.2059 1.11348 0.153376
240 0.7375 58.0024 1.12335 0.153898
250 0.76875 57.1303 1.13495 0.155598
260 0.8 56.5641 1.14122 0.155155
270 0.83125 55.5175 1.15365 0.157144
280 0.8625 55.3761 1.15963 0.156337
290 0.89375 55.6978 1.17077 0.158256
300 0.925 56.0157 1.18383 0.160848
310 0.95625 56.3287 1.18823 0.159948
320 0.9875 56.6282 1.19836 0.16088
330 1.01875 56.9221 1.20431 0.161241
340 1.05 57.2064 1.21112 0.161457
350 1.08125 57.4824 1.21577 0.161556
360 1.1125 57.7491 1.22315 0.16179
370 1.14375 58.0125 1.22774 0.161517
380 1.175 58.2652 1.23373 0.161978
390 1.20625 58.5101 1.23862 0.162003
400 1.2375 58.7464 1.24619 0.163303
410 1.26875 58.9764 1.25115 0.163954
420 1.3 59.1987 1.25597 0.164628
430 1.33125 59.4128 1.26104 0.165074
440 1.3625 59.6191 1.2669 0.165643
450 1.39375 59.8148 1.27315 0.167622
460 1.425 60.0072 1.2758 0.16813
470 1.45625 60.1932 1.28075 0.169041
480 1.4875 60.3697 1.28799 0.170681
490 1.51875 60.5371 1.29044 0.171426
500 1.55 60.697 1.29793 0.173224
510 1.58125 60.8517 1.30143 0.174054
520 1.6125 60.9989 1.3061 0.174824
530 1.64375 61.1362 1.31436 0.178396
540 1.675 61.7959 1.32009 0.180301
550 1.70625 62.9051 1.32504 0.182236
560 1.7375 63.9902 1.33177 0.184763
570 1.76875 65.1373 1.3358 0.186481
580 1.8 66.2971 1.34045 0.188281
590 1.83125 66.9696 1.34779 0.191747
600 1.8625 68.3546 1.35503 0.194863
610 1.89375 69.6518 1.36413 0.197541
620 1.925 70.6569 1.36991 0.201394
630 1.95625 70.7806 1.3754 0.204066
640 1.9875 71.1735 1.37887 0.206583
650 2.01875 71.8268 1.38126 0.208935
660 2.05 72.5892 1.39404 0.21445
670 2.08125 73.3659 1.39938 0.217694
680 2.1125 73.9723 1.41045 0.222962
690 2.14375 75.3017 1.41354 0.226018
700 2.175 75.7105 1.41487 0.227467
710 2.20625 76.212 1.4232 0.231872
720 2.2375 76.2211 1.42715 0.235732
730 2.26875 76.0112 1.42826 0.238775
740 2.3 76.9551 1.431 0.242285
750 2.33125 78.0754 1.44287 0.247444
760 2.3625 79.1383 1.44274 0.250543
770 2.39375 80.4434 1.4502 0.255393
780 2.425 81.8182 1.45551 0.260143
790 2.45625 82.9655 1.46409 0.265665
800 2.4875 83.7115 1.46676 0.269365
810 2.51875 84.1313 1.47421 0.274824
820 2.55 84.3985 1.47664 0.278595
830 2.58125 84.8281 1.4836 0.284403
840 2.6125 85.7023 1.48546 0.288155
850 2.64375 87.0249 1.48602 0.292015
860 2.67422 90.1299 1.49576 0.298791
870 2.70294 94.2673 1.47384 0.294617
880 2.73235 99.2644 1.47389 0.298318
890 2.76176 105.15 1.46631 0.300064
900 2.79118 110.531 1.45479 0.299559
910 2.82059 111.637 1.45485 0.303083
920 2.85 105.241 1.46003 0.307742
930 2.87941 98.4459 1.47218 0.315069
940 2.90848 94.8169 1.47498 0.316978
950 2.93616 91.6372 1.53194 0.338924
960 2.96389 90.1702 1.56023 0.350329
970 2.99167 87.848 1.5697 0.356995
