0 0 0 0.00020913 0.00105684
10 0.0127076 199.314 1.08007 0.21155
20 0.0364916 134.493 0.612586 0.0849399
30 0.0663462 108.797 0.606671 0.0758359
40 0.1 91.6511 0.624784 0.0767646
50 0.135714 84.7999 0.637936 0.0756131
60 0.171429 77.5379 0.65326 0.076606
70 0.207143 72.2613 0.663427 0.075541
80 0.242857 67.6816 0.674572 0.0754473
90 0.278571 64.8667 0.688109 0.0756346
100 0.314286 62.6461 0.705607 0.0781203
110 0.35 60.2737 0.716288 0.0783839
120 0.385714 57.9094 0.72965 0.0791042
130 0.421429 55.5958 0.739935 0.0793934
140 0.457143 54.3772 0.74901 0.0788245
150 0.492857 52.9442 0.760605 0.0800899
160 0.528571 51.2181 0.765786 0.0797334
170 0.564286 49.7436 0.779425 0.0803276
180 0.6 49.2632 0.787903 0.0805365
190 0.635714 48.7159 0.796622 0.0803553
200 0.671429 47.6669 0.806156 0.0815088
210 0.707143 46.287 0.813419 0.0814706
220 0.742857 45.7107 0.820747 0.0810068
230 0.778571 44.7452 0.831906 0.0823066
240 0.814286 44.0125 0.83836 0.0822606
250 0.85 43.9852 0.845992 0.0821908
260 0.883418 44.5884 0.852679 0.0816611
270 0.916667 44.8561 0.861338 0.0826517
280 0.95 45.0679 0.866836 0.0829214
290 0.983333 45.2823 0.874379 0.0830873
300 1.01667 45.4934 0.875429 0.082027
310 1.05 45.701 0.88106 0.0828188
320 1.08333 45.9033 0.887749 0.0829987
330 1.11667 46.1031 0.892126 0.0823294
340 1.15 46.2983 0.891874 0.0812941
350 1.18333 46.4881 0.894986 0.081219
360 1.21667 46.6734 0.900077 0.0814812
370 1.25 46.854 0.900671 0.0807351
380 1.28333 47.0282 0.901088 0.0796972
390 1.31667 47.1973 0.903211 0.078979
400 1.35 47.3625 0.908899 0.0791524
410 1.38333 47.5225 0.908887 0.0791636
420 1.41667 47.6782 0.910804 0.0786768
430 1.45 48.0372 0.914897 0.0784949
440 1.48333 49.5393 0.918542 0.0785128
450 1.51667 51.7037 0.917897 0.0781131
460 1.55 53.8742 0.923165 0.0782835
470 1.58333 56.1632 0.923706 0.0773725
480 1.61667 58.9907 0.926882 0.0778092
490 1.65 61.5276 0.930364 0.0779067
500 1.68333 64.1083 0.928625 0.0776145
510 1.71667 66.68 0.934005 0.0776045
520 1.75 69.1156 0.935303 0.0774427
530 1.78333 71.3187 0.937783 0.0773837
540 1.81667 73.2117 0.938997 0.0773427
550 1.85 74.8968 0.946962 0.0786476
560 1.88333 76.3208 0.942177 0.0768754
570 1.91667 77.6387 0.944658 0.0777035
580 1.95 78.858 0.94813 0.0781986
590 1.98333 80.1915 0.947341 0.0770337
600 2.01667 81.2839 0.946388 0.0768566
610 2.05 82.3174 0.952687 0.0778303
620 2.08333 83.4469 0.95002 0.0776772
630 2.11667 84.7258 0.951393 0.0777608
640 2.15 86.1256 0.951438 0.0774275
650 2.18333 87.5834 0.951762 0.0774076
660 2.21667 89.041 0.955505 0.0781467
670 2.25 90.6026 0.953518 0.0783911
680 2.28333 92.0614 0.957377 0.0784739
690 2.31667 93.4914 0.959405 0.0789936
700 2.35 94.9327 0.959489 0.0796025
710 2.38333 96.4239 0.960622 0.0800263
720 2.41667 97.8886 0.965869 0.0811222
730 2.45 99.1991 0.966077 0.0815657
740 2.48333 100.267 0.969656 0.0823895
750 2.51667 101.199 0.969533 0.0828602
760 2.55 102.145 0.970481 0.0835219
770 2.58333 103.237 0.974561 0.0848086
780 2.61667 104.508 0.978244 0.0858079
790 2.65 105.862 0.977849 0.0867287
800 2.68333 107.104 0.981388 0.0875101
810 2.71667 108.056 0.986074 0.0892401
820 2.75 108.665 0.987697 0.0904433
830 2.78333 109.05 0.989904 0.0915932
840 2.81667 109.487 0.997426 0.0941247
850 2.85 110.243 1.00102 0.0957927
860 2.88333 111.427 1.00989 0.0984526
870 2.91667 112.885 1.01355 0.100301
880 2.95 114.223 1.01801 0.102432
890 2.98333 115.01 1.0231 0.104518
