0 0 0 0.222822 0.855812
10 0.0113284 246.011 1.21622 1.15227
20 0.0331106 146.829 0.933667 0.822113
30 0.0588235 144.134 0.945175 0.66047
40 0.0882353 141.371 0.978477 0.564914
50 0.11875 139.745 1.00029 0.509623
60 0.15 138.535 1.02042 0.476327
70 0.183333 137.844 1.04536 0.454231
80 0.216667 137.219 1.07257 0.438353
90 0.25 136.732 1.08691 0.426553
100 0.283333 136.332 1.10631 0.42058
110 0.316667 136.005 1.11895 0.411952
120 0.35 135.725 1.13216 0.407357
130 0.383333 135.462 1.15211 0.40406
140 0.416667 135.231 1.16714 0.402014
150 0.45 135.009 1.17954 0.399002
160 0.483333 134.77 1.20064 0.399732
170 0.516667 134.546 1.2096 0.396632
180 0.55 134.298 1.22396 0.396646
190 0.585714 134.294 1.24054 0.397162
200 0.621429 134.012 1.25011 0.39635
210 0.657143 133.692 1.26594 0.39764
220 0.692857 133.353 1.27943 0.399841
230 0.728571 132.996 1.29387 0.400515
240 0.764286 132.616 1.30557 0.401693
250 0.8 132.202 1.32111 0.404795
260 0.835714 131.776 1.32941 0.405734
270 0.871429 131.327 1.34325 0.407625
280 0.907143 130.863 1.352 0.409954
290 0.942857 130.35 1.36489 0.412777
300 0.978571 129.833 1.37514 0.414647
310 1.01429 129.296 1.38642 0.418614
320 1.05 128.735 1.39587 0.422265
330 1.08571 128.166 1.40931 0.425956
340 1.12143 127.566 1.42037 0.42859
350 1.15714 126.951 1.43108 0.432566
360 1.19286 126.327 1.43981 0.436427
370 1.22857 125.678 1.4486 0.439901
380 1.26429 125.033 1.46146 0.444963
390 1.3 124.357 1.46945 0.448967
400 1.33571 123.686 1.48496 0.454127
410 1.37143 123.008 1.49656 0.457938
420 1.40714 122.33 1.50612 0.462715
430 1.44286 121.661 1.5114 0.467188
440 1.47857 120.974 1.52887 0.474371
450 1.51429 120.298 1.54045 0.479034
460 1.55 119.629 1.54982 0.484825
470 1.58571 118.947 1.56012 0.489773
480 1.62143 118.288 1.57539 0.495944
490 1.65714 117.637 1.584 0.502055
500 1.69286 116.973 1.59668 0.50804
510 1.72857 116.329 1.61033 0.514134
520 1.76429 115.7 1.62265 0.521158
530 1.8 115.063 1.63446 0.527375
540 1.83571 114.448 1.64731 0.533263
550 1.87143 113.847 1.65966 0.540858
560 1.90714 113.229 1.67427 0.548267
570 1.94286 112.64 1.68685 0.554837
580 1.97857 112.058 1.70265 0.561566
590 2.01429 111.492 1.71184 0.567985
600 2.05 110.927 1.72683 0.575746
610 2.08571 110.377 1.73848 0.582399
620 2.12143 109.833 1.75288 0.588073
630 2.15714 109.294 1.76493 0.595812
640 2.19286 108.765 1.77864 0.602795
650 2.22857 108.248 1.78219 0.607796
660 2.26429 107.727 1.79723 0.615885
670 2.3 107.212 1.81066 0.622213
680 2.33571 106.701 1.82698 0.629763
690 2.37143 106.193 1.83175 0.635348
700 2.40714 105.677 1.8438 0.641998
710 2.44286 105.172 1.84776 0.647185
720 2.47857 104.664 1.85536 0.652403
730 2.51429 104.156 1.86081 0.65677
740 2.55 103.658 1.86812 0.662286
750 2.58571 103.152 1.87095 0.666209
760 2.62143 102.612 1.86999 0.670511
770 2.65714 102.061 1.86928 0.674161
780 2.69286 101.502 1.86749 0.677681
790 2.72857 100.913 1.85957 0.679705
800 2.76429 100.319 1.85079 0.680734
810 2.8 99.6947 1.8317 0.680467
820 2.83571 99.0617 1.81731 0.679581
830 2.87143 98.5262 1.80259 0.681382
840 2.90714 98.2117 1.77136 0.676232
850 2.94286 97.8405 1.74579 0.674556
860 2.97857 97.4303 1.71499 0.671119
