0 0 0 0.000256756 0.0010597
10 0.011765 235.874 1.02692 0.225903
20 0.0326431 185.079 0.949411 0.188778
30 0.0583333 150.569 0.938006 0.17641
40 0.0880952 125.554 0.936662 0.167593
50 0.11875 115.552 0.942006 0.163496
60 0.15 104.715 0.961214 0.163998
70 0.183333 98.9345 0.977071 0.164424
80 0.216667 92.3753 0.986073 0.16219
90 0.25 88.6193 1.00313 0.163639
100 0.282857 85.2632 1.02488 0.163282
110 0.3125 81.603 1.02556 0.164038
120 0.34375 79.539 1.03847 0.163153
130 0.375 76.0651 1.05366 0.164135
140 0.40625 73.7019 1.06593 0.164564
150 0.4375 72.3754 1.07738 0.164241
160 0.46875 70.5522 1.08883 0.165378
170 0.5 69.6423 1.1008 0.165411
180 0.53125 67.4788 1.1121 0.166622
190 0.5625 66.5936 1.11973 0.166396
200 0.59375 65.0266 1.13562 0.168711
210 0.625 63.6844 1.14445 0.167855
220 0.65625 62.7595 1.15225 0.168111
230 0.6875 61.1009 1.16393 0.169729
240 0.71875 60.6093 1.17431 0.169564
250 0.75 59.63 1.18175 0.1701
260 0.78125 58.4187 1.19254 0.17059
270 0.8125 58.0498 1.20634 0.172774
280 0.84375 57.9116 1.21285 0.172991
290 0.875 58.2428 1.22201 0.173718
300 0.90625 58.5709 1.23437 0.175523
310 0.9375 58.8908 1.24226 0.176241
320 0.96875 59.203 1.25612 0.178211
330 0.997159 59.591 1.26179 0.17814
340 1.02647 59.8654 1.26646 0.178539
350 1.05588 60.1189 1.27666 0.17966
360 1.08529 60.3848 1.28237 0.180651
370 1.11471 60.6411 1.28846 0.180287
380 1.14412 60.8888 1.30064 0.182989
390 1.17353 61.1314 1.30313 0.182569
400 1.20294 61.3645 1.30829 0.183246
410 1.23235 61.5899 1.31643 0.185247
420 1.26176 61.8072 1.32157 0.186681
430 1.29118 62.0152 1.3265 0.187518
440 1.32059 62.2166 1.3349 0.1887
450 1.35 62.4113 1.33582 0.188675
460 1.37941 62.5954 1.34342 0.190747
470 1.40882 62.7709 1.35277 0.194021
480 1.43824 62.9399 1.35033 0.192537
490 1.46765 63.0971 1.3617 0.197354
500 1.49706 63.2466 1.36872 0.198025
510 1.52647 63.3876 1.37431 0.200073
520 1.55588 63.5224 1.38166 0.202559
530 1.58529 63.6473 1.38609 0.204651
540 1.61471 63.7649 1.39335 0.208334
550 1.64412 63.8727 1.39873 0.209738
560 1.67353 63.9652 1.4036 0.212683
570 1.70294 64.0557 1.41135 0.216374
580 1.73235 64.1313 1.4152 0.218287
590 1.76176 64.8802 1.42181 0.221913
600 1.79118 65.9471 1.42838 0.225263
610 1.82059 66.8281 1.43438 0.2293
620 1.85 67.9809 1.44013 0.23209
630 1.87941 69.1577 1.44758 0.237402
640 1.90882 69.3759 1.45495 0.238995
650 1.93824 69.5328 1.46078 0.243659
660 1.96765 70.2503 1.46436 0.246544
670 1.99706 70.9892 1.47153 0.250709
680 2.02647 71.8004 1.47657 0.255044
690 2.05588 72.5426 1.48134 0.2576
700 2.08529 73.8384 1.48666 0.262776
710 2.11471 74.3307 1.49248 0.266427
720 2.14412 75.1293 1.4977 0.271252
730 2.17353 75.7461 1.50306 0.275898
740 2.20294 75.9441 1.50818 0.280903
750 2.23235 77.603 1.5133 0.285017
760 2.26176 79.384 1.51637 0.290111
770 2.29118 80.587 1.52376 0.295326
780 2.32187 82.1172 1.53041 0.301265
790 2.35312 83.9656 1.53367 0.306194
800 2.38333 85.7536 1.54914 0.315935
810 2.41176 87.135 1.53364 0.315714
820 2.44118 88.4396 1.54482 0.321246
830 2.47059 89.854 1.54601 0.324521
840 2.5 92.075 1.54692 0.32935
850 2.52941 95.4543 1.53873 0.33094
860 2.55882 99.8776 1.53727 0.335061
870 2.58824 104.031 1.53617 0.338736
880 2.61706 106.215 1.53385 0.345605
890 2.64451 104.498 1.53169 0.345262
900 2.67222 96.942 1.54132 0.351735
910 2.7 93.73 1.55821 0.360301
920 2.72778 92.0561 1.57863 0.370826
930 2.75556 88.682 1.60135 0.382584
940 2.78333 87.8516 1.62024 0.392521
950 2.81111 81.9308 1.6293 0.400289
960 2.83889 84.0501 1.63523 0.407496
970 2.86316 89.6838 1.65478 0.416208
980 2.88947 83.9822 1.67052 0.426416
990 2.91579 80.0538 1.69828 0.438951
1000 2.94211 76.1758 1.72443 0.451239
1010 2.96842 74.8276 1.74377 0.461345
1020 2.99474 70.2653 1.76124 0.4707
